
set search_path {. .}
. .
setenv RUN_RESULT /tmp/.tARL45022/_rrKNUi3K
/tmp/.tARL45022/_rrKNUi3K
set_current_mismatch_config auto_fix
1
set_app_options -name lib.workspace.build_script -value ./.scripts/saed14lvt_c.tcl
lib.workspace.build_script ./.scripts/saed14lvt_c.tcl
#suppress_messages
source -echo -verbose ./.scripts/saed14lvt_c.tcl
set_app_options -name lib.workspace.group_libs_combine_physical_only -value false
lib.workspace.group_libs_combine_physical_only false
set_app_options -name lib.workspace.fast_exploration -value true
lib.workspace.fast_exploration true
set_app_options -name lib.workspace.write_script_write_process_workspace -value true
lib.workspace.write_script_write_process_workspace true
set_app_options -name lib.workspace.create_cached_lib -value true
lib.workspace.create_cached_lib true
set_app_options -name lib.workspace.allow_read_aggregate_lib -value true
lib.workspace.allow_read_aggregate_lib true
# workspace saed14lvt_c:
create_workspace saed14lvt_c
... created workspace saed14lvt_c
read_db /home/synopsys/SAED14nm_EDK/stdcell_lvt/db_nldm/saed14lvt_ss0p6vm40c.db
Information: Loading db file '/home/synopsys/SAED14nm_EDK/stdcell_lvt/db_nldm/saed14lvt_ss0p6vm40c.db' (FILE-007)
{saed14lvt_ss0p6vm40c}
read_db /home/synopsys/SAED14nm_EDK/stdcell_lvt/db_nldm/saed14lvt_ss0p72vm40c.db
Information: Loading db file '/home/synopsys/SAED14nm_EDK/stdcell_lvt/db_nldm/saed14lvt_ss0p72vm40c.db' (FILE-007)
{saed14lvt_ss0p72vm40c}
read_db /home/synopsys/SAED14nm_EDK/stdcell_lvt/db_nldm/saed14lvt_ff0p7vm40c.db
Information: Loading db file '/home/synopsys/SAED14nm_EDK/stdcell_lvt/db_nldm/saed14lvt_ff0p7vm40c.db' (FILE-007)
{saed14lvt_ff0p7vm40c}
read_db /home/synopsys/SAED14nm_EDK/stdcell_lvt/db_nldm/saed14lvt_ff0p88vm40c.db
Information: Loading db file '/home/synopsys/SAED14nm_EDK/stdcell_lvt/db_nldm/saed14lvt_ff0p88vm40c.db' (FILE-007)
{saed14lvt_ff0p88vm40c}
read_db /home/synopsys/SAED14nm_EDK/stdcell_lvt/db_nldm/saed14lvt_tt0p6vm40c.db
Information: Loading db file '/home/synopsys/SAED14nm_EDK/stdcell_lvt/db_nldm/saed14lvt_tt0p6vm40c.db' (FILE-007)
{saed14lvt_tt0p6vm40c}
read_db /home/synopsys/SAED14nm_EDK/stdcell_lvt/db_nldm/saed14lvt_tt0p8vm40c.db
Information: Loading db file '/home/synopsys/SAED14nm_EDK/stdcell_lvt/db_nldm/saed14lvt_tt0p8vm40c.db' (FILE-007)
{saed14lvt_tt0p8vm40c}
read_db /home/synopsys/SAED14nm_EDK/stdcell_lvt/db_nldm/saed14lvt_tt0p6v125c.db
Information: Loading db file '/home/synopsys/SAED14nm_EDK/stdcell_lvt/db_nldm/saed14lvt_tt0p6v125c.db' (FILE-007)
{saed14lvt_tt0p6v125c}
read_db /home/synopsys/SAED14nm_EDK/stdcell_lvt/db_nldm/saed14lvt_tt0p8v125c.db
Information: Loading db file '/home/synopsys/SAED14nm_EDK/stdcell_lvt/db_nldm/saed14lvt_tt0p8v125c.db' (FILE-007)
{saed14lvt_tt0p8v125c}
read_db /home/synopsys/SAED14nm_EDK/stdcell_lvt/db_nldm/saed14lvt_ff0p7v125c.db
Information: Loading db file '/home/synopsys/SAED14nm_EDK/stdcell_lvt/db_nldm/saed14lvt_ff0p7v125c.db' (FILE-007)
{saed14lvt_ff0p7v125c}
read_db /home/synopsys/SAED14nm_EDK/stdcell_lvt/db_nldm/saed14lvt_ff0p88v125c.db
Information: Loading db file '/home/synopsys/SAED14nm_EDK/stdcell_lvt/db_nldm/saed14lvt_ff0p88v125c.db' (FILE-007)
{saed14lvt_ff0p88v125c}
read_db /home/synopsys/SAED14nm_EDK/stdcell_lvt/db_nldm/saed14lvt_ss0p6v125c.db
Information: Loading db file '/home/synopsys/SAED14nm_EDK/stdcell_lvt/db_nldm/saed14lvt_ss0p6v125c.db' (FILE-007)
{saed14lvt_ss0p6v125c}
read_db /home/synopsys/SAED14nm_EDK/stdcell_lvt/db_nldm/saed14lvt_ss0p72v125c.db
Information: Loading db file '/home/synopsys/SAED14nm_EDK/stdcell_lvt/db_nldm/saed14lvt_ss0p72v125c.db' (FILE-007)
{saed14lvt_ss0p72v125c}
read_ndm /home/synopsys/SAED14nm_EDK/stdcell_lvt/ndm/saed14lvt_frame_only.ndm
Information: Loading library file '/home/synopsys/SAED14nm_EDK/stdcell_lvt/ndm/saed14lvt_frame_only.ndm' (FILE-007)
{saed14lvt_frame_only}
process_workspaces -check_options {-allow_missing} -force -output CLIBs/saed14lvt_c.ndm
Checking libraries...
Using saed14lvt_ss0p6vm40c as the base library.
Warning: Mismatched PG pins between the logic library and FRAME for block saed14lvt_c/SAEDLVT14_ISOFSDPQ_PECO_4:  - Extra DB/power  :  VDD. (LM-033)
Warning: Mismatched PG pins between the logic library and FRAME for block saed14lvt_c/SAEDLVT14_ISOFSDPQ_PECO_8:  - Extra DB/ground :  VSS. (LM-033)
Warning: More than one power pin or ground pin of the antenna diode for design SAEDLVT14_TIEDIN_PV1ECO_6 (LM-107)
Warning: Mismatched PG pins between the logic library and FRAME for block saed14lvt_c/SAEDLVT14_DCAP_PV1ECO_12:  - Extra DB/power  :  VDD VDDR - Extra DB/ground :  VSS. (LM-033)
Warning: Copied PG pin 'saed14lvt_c/SAEDLVT14_AOINV_IW_0P5/VDDR' from physical source (was missing in logical source) (LM-109)
Warning: Copied PG pin 'saed14lvt_c/SAEDLVT14_AOINV_IW_1/VDDR' from physical source (was missing in logical source) (LM-109)
Warning: Copied PG pin 'saed14lvt_c/SAEDLVT14_AOINV_IW_2/VDDR' from physical source (was missing in logical source) (LM-109)
Warning: Copied PG pin 'saed14lvt_c/SAEDLVT14_AOINV_IW_4/VDDR' from physical source (was missing in logical source) (LM-109)
Warning: Copied PG pin 'saed14lvt_c/SAEDLVT14_AOINV_IW_6/VDDR' from physical source (was missing in logical source) (LM-109)
Warning: Mismatched PG pins between the logic library and FRAME for block saed14lvt_c/SAEDLVT14_FILL_NNWVDDBRKY2_3:  - Extra DB/power  :  VDD. (LM-033)
Warning: Copied PG pin 'saed14lvt_c/SAEDLVT14_FILLP2/VDDR' from physical source (was missing in logical source) (LM-109)
Warning: Copied PG pin 'saed14lvt_c/SAEDLVT14_FILLP3/VDDR' from physical source (was missing in logical source) (LM-109)
Warning: Copied PG pin 'saed14lvt_c/SAEDLVT14_TAPPP10/VDDR' from physical source (was missing in logical source) (LM-109)
Warning: Copied PG pin 'saed14lvt_c/SAEDLVT14_CAPTTAPP6/VDDR' from physical source (was missing in logical source) (LM-109)
Information: Combined 922 physical designs:922 with a frame view (896 had ports reordered); (LM-034)
Information: Skipped 131 physical designs (LM-052)
Warning: /home/synopsys/SAED14nm_EDK/stdcell_lvt/db_nldm/saed14lvt_ss0p6vm40c.db (pane 0), /home/synopsys/SAED14nm_EDK/stdcell_lvt/db_nldm/saed14lvt_tt0p6vm40c.db (pane 4) have the same PVT:
          process "" (1); v=(Rail1=0.6;Rail2=0.6;Rail3=0); t=-40 (LM-073)
Warning: /home/synopsys/SAED14nm_EDK/stdcell_lvt/db_nldm/saed14lvt_ss0p6v125c.db (pane 10), /home/synopsys/SAED14nm_EDK/stdcell_lvt/db_nldm/saed14lvt_tt0p6v125c.db (pane 6) have the same PVT:
          process "" (1); v=(Rail1=0.6;Rail2=0.6;Rail3=0); t=125 (LM-073)

Workspace check succeeded!
