
set search_path {. .}
. .
setenv RUN_RESULT /tmp/.tARL45022/_rryPVGIX
/tmp/.tARL45022/_rryPVGIX
set_current_mismatch_config auto_fix
1
set_app_options -name lib.workspace.build_script -value ./.scripts/saed14rvt_c.tcl
lib.workspace.build_script ./.scripts/saed14rvt_c.tcl
#suppress_messages
source -echo -verbose ./.scripts/saed14rvt_c.tcl
set_app_options -name lib.workspace.group_libs_combine_physical_only -value false
lib.workspace.group_libs_combine_physical_only false
set_app_options -name lib.workspace.fast_exploration -value true
lib.workspace.fast_exploration true
set_app_options -name lib.workspace.write_script_write_process_workspace -value true
lib.workspace.write_script_write_process_workspace true
set_app_options -name lib.workspace.create_cached_lib -value true
lib.workspace.create_cached_lib true
set_app_options -name lib.workspace.allow_read_aggregate_lib -value true
lib.workspace.allow_read_aggregate_lib true
# workspace saed14rvt_c:
create_workspace saed14rvt_c
... created workspace saed14rvt_c
read_db /home/synopsys/SAED14nm_EDK/stdcell_rvt/db_nldm/saed14rvt_tt0p6v125c.db
Information: Loading db file '/home/synopsys/SAED14nm_EDK/stdcell_rvt/db_nldm/saed14rvt_tt0p6v125c.db' (FILE-007)
{saed14rvt_tt0p6v125c}
read_db /home/synopsys/SAED14nm_EDK/stdcell_rvt/db_nldm/saed14rvt_tt0p8v125c.db
Information: Loading db file '/home/synopsys/SAED14nm_EDK/stdcell_rvt/db_nldm/saed14rvt_tt0p8v125c.db' (FILE-007)
{saed14rvt_tt0p8v125c}
read_db /home/synopsys/SAED14nm_EDK/stdcell_rvt/db_nldm/saed14rvt_ff0p7v125c.db
Information: Loading db file '/home/synopsys/SAED14nm_EDK/stdcell_rvt/db_nldm/saed14rvt_ff0p7v125c.db' (FILE-007)
{saed14rvt_ff0p7v125c}
read_db /home/synopsys/SAED14nm_EDK/stdcell_rvt/db_nldm/saed14rvt_ff0p88v125c.db
Information: Loading db file '/home/synopsys/SAED14nm_EDK/stdcell_rvt/db_nldm/saed14rvt_ff0p88v125c.db' (FILE-007)
{saed14rvt_ff0p88v125c}
read_db /home/synopsys/SAED14nm_EDK/stdcell_rvt/db_nldm/saed14rvt_ss0p6v125c.db
Information: Loading db file '/home/synopsys/SAED14nm_EDK/stdcell_rvt/db_nldm/saed14rvt_ss0p6v125c.db' (FILE-007)
{saed14rvt_ss0p6v125c}
read_db /home/synopsys/SAED14nm_EDK/stdcell_rvt/db_nldm/saed14rvt_ss0p72v125c.db
Information: Loading db file '/home/synopsys/SAED14nm_EDK/stdcell_rvt/db_nldm/saed14rvt_ss0p72v125c.db' (FILE-007)
{saed14rvt_ss0p72v125c}
read_db /home/synopsys/SAED14nm_EDK/stdcell_rvt/db_nldm/saed14rvt_ss0p6vm40c.db
Information: Loading db file '/home/synopsys/SAED14nm_EDK/stdcell_rvt/db_nldm/saed14rvt_ss0p6vm40c.db' (FILE-007)
{saed14rvt_ss0p6vm40c}
read_db /home/synopsys/SAED14nm_EDK/stdcell_rvt/db_nldm/saed14rvt_ss0p72vm40c.db
Information: Loading db file '/home/synopsys/SAED14nm_EDK/stdcell_rvt/db_nldm/saed14rvt_ss0p72vm40c.db' (FILE-007)
{saed14rvt_ss0p72vm40c}
read_db /home/synopsys/SAED14nm_EDK/stdcell_rvt/db_nldm/saed14rvt_ff0p7vm40c.db
Information: Loading db file '/home/synopsys/SAED14nm_EDK/stdcell_rvt/db_nldm/saed14rvt_ff0p7vm40c.db' (FILE-007)
{saed14rvt_ff0p7vm40c}
read_db /home/synopsys/SAED14nm_EDK/stdcell_rvt/db_nldm/saed14rvt_ff0p88vm40c.db
Information: Loading db file '/home/synopsys/SAED14nm_EDK/stdcell_rvt/db_nldm/saed14rvt_ff0p88vm40c.db' (FILE-007)
{saed14rvt_ff0p88vm40c}
read_db /home/synopsys/SAED14nm_EDK/stdcell_rvt/db_nldm/saed14rvt_tt0p6vm40c.db
Information: Loading db file '/home/synopsys/SAED14nm_EDK/stdcell_rvt/db_nldm/saed14rvt_tt0p6vm40c.db' (FILE-007)
{saed14rvt_tt0p6vm40c}
read_db /home/synopsys/SAED14nm_EDK/stdcell_rvt/db_nldm/saed14rvt_tt0p8vm40c.db
Information: Loading db file '/home/synopsys/SAED14nm_EDK/stdcell_rvt/db_nldm/saed14rvt_tt0p8vm40c.db' (FILE-007)
{saed14rvt_tt0p8vm40c}
read_ndm /home/synopsys/SAED14nm_EDK/stdcell_rvt/ndm/saed14rvt_frame_only.ndm
Information: Loading library file '/home/synopsys/SAED14nm_EDK/stdcell_rvt/ndm/saed14rvt_frame_only.ndm' (FILE-007)
{saed14rvt_frame_only}
process_workspaces -check_options {-allow_missing} -force -output CLIBs/saed14rvt_c.ndm
Checking libraries...
Using saed14rvt_tt0p6v125c as the base library.
Warning:  132 missing dynamic power records across all libraries. (LM-001)
Warning: Could not fix all missing dynamic power records (LM-125)
...Aligning missing dynamic power records...
...Building the dynamic power record superset in the base library...
...done.
Warning: Mismatched PG pins between the logic library and FRAME for block saed14rvt_c/SAEDRVT14_ISOFSDPQ_PECO_4:  - Extra DB/power  :  VDD. (LM-033)
Warning: Mismatched PG pins between the logic library and FRAME for block saed14rvt_c/SAEDRVT14_ISOFSDPQ_PECO_8:  - Extra DB/ground :  VSS. (LM-033)
Warning: More than one power pin or ground pin of the antenna diode for design SAEDRVT14_TIEDIN_PV1ECO_6 (LM-107)
Warning: Mismatched PG pins between the logic library and FRAME for block saed14rvt_c/SAEDRVT14_DCAP_PV1ECO_12:  - Extra DB/power  :  VDD VDDR - Extra DB/ground :  VSS. (LM-033)
Warning: Copied PG pin 'saed14rvt_c/SAEDRVT14_AOINV_IW_0P5/VDDR' from physical source (was missing in logical source) (LM-109)
Warning: Copied PG pin 'saed14rvt_c/SAEDRVT14_AOINV_IW_1/VDDR' from physical source (was missing in logical source) (LM-109)
Warning: Copied PG pin 'saed14rvt_c/SAEDRVT14_AOINV_IW_2/VDDR' from physical source (was missing in logical source) (LM-109)
Warning: Copied PG pin 'saed14rvt_c/SAEDRVT14_AOINV_IW_4/VDDR' from physical source (was missing in logical source) (LM-109)
Warning: Copied PG pin 'saed14rvt_c/SAEDRVT14_AOINV_IW_6/VDDR' from physical source (was missing in logical source) (LM-109)
Warning: Mismatched PG pins between the logic library and FRAME for block saed14rvt_c/SAEDRVT14_FILL_NNWVDDBRKY2_3:  - Extra DB/power  :  VDD. (LM-033)
Warning: Copied PG pin 'saed14rvt_c/SAEDRVT14_FILLP2/VDDR' from physical source (was missing in logical source) (LM-109)
Warning: Copied PG pin 'saed14rvt_c/SAEDRVT14_FILLP3/VDDR' from physical source (was missing in logical source) (LM-109)
Warning: Copied PG pin 'saed14rvt_c/SAEDRVT14_TAPPP10/VDDR' from physical source (was missing in logical source) (LM-109)
Warning: Copied PG pin 'saed14rvt_c/SAEDRVT14_CAPTTAPP6/VDDR' from physical source (was missing in logical source) (LM-109)
Information: Combined 922 physical designs:922 with a frame view (896 had ports reordered); (LM-034)
Information: Skipped 131 physical designs (LM-052)
Warning: /home/synopsys/SAED14nm_EDK/stdcell_rvt/db_nldm/saed14rvt_ss0p6vm40c.db (pane 6), /home/synopsys/SAED14nm_EDK/stdcell_rvt/db_nldm/saed14rvt_tt0p6vm40c.db (pane 10) have the same PVT:
          process "" (1); v=(Rail1=0.6;Rail2=0.6;Rail3=0); t=-40 (LM-073)
Warning: /home/synopsys/SAED14nm_EDK/stdcell_rvt/db_nldm/saed14rvt_ss0p6v125c.db (pane 4), /home/synopsys/SAED14nm_EDK/stdcell_rvt/db_nldm/saed14rvt_tt0p6v125c.db (pane 0) have the same PVT:
          process "" (1); v=(Rail1=0.6;Rail2=0.6;Rail3=0); t=125 (LM-073)

Workspace check succeeded!
... wrote CLIBs/saed14rvt_c.ndm
... removing library 'saed14rvt_tt0p6v125c'
... removing library 'saed14rvt_tt0p8v125c'
... removing library 'saed14rvt_ff0p7v125c'
... removing library 'saed14rvt_ff0p88v125c'
... removing library 'saed14rvt_ss0p6v125c'
... removing library 'saed14rvt_ss0p72v125c'
... removing library 'saed14rvt_ss0p6vm40c'
... removing library 'saed14rvt_ss0p72vm40c'
... removing library 'saed14rvt_ff0p7vm40c'
... removing library 'saed14rvt_ff0p88vm40c'
... removing library 'saed14rvt_tt0p6vm40c'
... removing library 'saed14rvt_tt0p8vm40c'
... removing library 'saed14rvt_frame_only'
... lib workspace removed!

Warning: EMS database "check_workspace.ems" already exists, over-writing it. (EMS-040)
remove_workspace
Maximum memory usage for this session: 1677.36 MB
CPU usage for this session:     88 seconds (  0.02 hours)
Elapsed time for this session:     89 seconds (  0.02 hours)
Thank you for using IC Compiler II Library Manager.

