
set search_path {. .}
. .
setenv RUN_RESULT /tmp/.tARL47161/_rrjrd49f
/tmp/.tARL47161/_rrjrd49f
set_current_mismatch_config auto_fix
1
set_app_options -name lib.workspace.build_script -value ./.scripts/saed14hvt_tt0p8v125c_physical_only.tcl
lib.workspace.build_script ./.scripts/saed14hvt_tt0p8v125c_physical_only.tcl
#suppress_messages
source -echo -verbose ./.scripts/saed14hvt_tt0p8v125c_physical_only.tcl
set_app_options -name lib.workspace.group_libs_combine_physical_only -value false
lib.workspace.group_libs_combine_physical_only false
set_app_options -name lib.workspace.fast_exploration -value true
lib.workspace.fast_exploration true
set_app_options -name lib.workspace.write_script_write_process_workspace -value true
lib.workspace.write_script_write_process_workspace true
set_app_options -name lib.workspace.create_cached_lib -value true
lib.workspace.create_cached_lib true
set_app_options -name lib.workspace.allow_read_aggregate_lib -value true
lib.workspace.allow_read_aggregate_lib true
# workspace saed14hvt_tt0p8v125c_physical_only:
create_workspace -flow physical_only saed14hvt_tt0p8v125c_physical_only
... created workspace saed14hvt_tt0p8v125c_physical_only in physical_only flow
set_app_options -name lib.workspace.include_design_filters -value { SAEDHVT14_AOLVLUBUFE0_IY2V1_1 SAEDHVT14_AOLVLUBUFE0_IY2V1_10 SAEDHVT14_AOLVLUBUFE0_IY2V1_12 SAEDHVT14_AOLVLUBUFE0_IY2V1_2 SAEDHVT14_AOLVLUBUFE0_IY2V1_3 SAEDHVT14_AOLVLUBUFE0_IY2V1_4 SAEDHVT14_AOLVLUBUFE0_IY2V1_6 SAEDHVT14_AOLVLUBUFE0_IY2V1_8 SAEDHVT14_AOLVLUBUFE1_IY2V1_1 SAEDHVT14_AOLVLUBUFE1_IY2V1_10 SAEDHVT14_AOLVLUBUFE1_IY2V1_12 SAEDHVT14_AOLVLUBUFE1_IY2V1_2 SAEDHVT14_AOLVLUBUFE1_IY2V1_3 SAEDHVT14_AOLVLUBUFE1_IY2V1_4 SAEDHVT14_AOLVLUBUFE1_IY2V1_6 SAEDHVT14_AOLVLUBUFE1_IY2V1_8 SAEDHVT14_AOLVLUBUF_IY2V1_1 SAEDHVT14_AOLVLUBUF_IY2V1_10 SAEDHVT14_AOLVLUBUF_IY2V1_12 SAEDHVT14_AOLVLUBUF_IY2V1_2 SAEDHVT14_AOLVLUBUF_IY2V1_3 SAEDHVT14_AOLVLUBUF_IY2V1_4 SAEDHVT14_AOLVLUBUF_IY2V1_6 SAEDHVT14_AOLVLUBUF_IY2V1_8 SAEDHVT14_ELVLDNOR_V2_1 SAEDHVT14_ELVLDNOR_V2_10 SAEDHVT14_ELVLDNOR_V2_12 SAEDHVT14_ELVLDNOR_V2_2 SAEDHVT14_ELVLDNOR_V2_3 SAEDHVT14_ELVLDNOR_V2_4 SAEDHVT14_ELVLDNOR_V2_6 SAEDHVT14_ELVLDNOR_V2_8 SAEDHVT14_ELVLUNOR_V2_1 SAEDHVT14_ELVLUNOR_V2_10 SAEDHVT14_ELVLUNOR_V2_12 SAEDHVT14_ELVLUNOR_V2_2 SAEDHVT14_ELVLUNOR_V2_3 SAEDHVT14_ELVLUNOR_V2_4 SAEDHVT14_ELVLUNOR_V2_6 SAEDHVT14_ELVLUNOR_V2_8 SAEDHVT14_FSDN_V2_0P5 SAEDHVT14_LVLDBUFE0_IY2V1_1 SAEDHVT14_LVLDBUFE0_IY2V1_10 SAEDHVT14_LVLDBUFE0_IY2V1_12 SAEDHVT14_LVLDBUFE0_IY2V1_2 SAEDHVT14_LVLDBUFE0_IY2V1_3 SAEDHVT14_LVLDBUFE0_IY2V1_4 SAEDHVT14_LVLDBUFE0_IY2V1_6 SAEDHVT14_LVLDBUFE0_IY2V1_8 SAEDHVT14_LVLDBUFE0_IY2_1 SAEDHVT14_LVLDBUFE0_IY2_10 SAEDHVT14_LVLDBUFE0_IY2_12 SAEDHVT14_LVLDBUFE0_IY2_2 SAEDHVT14_LVLDBUFE0_IY2_3 SAEDHVT14_LVLDBUFE0_IY2_4 SAEDHVT14_LVLDBUFE0_IY2_6 SAEDHVT14_LVLDBUFE1_IY2V1_1 SAEDHVT14_LVLDBUFE1_IY2V1_10 SAEDHVT14_LVLDBUFE1_IY2V1_12 SAEDHVT14_LVLDBUFE1_IY2V1_2 SAEDHVT14_LVLDBUFE1_IY2V1_3 SAEDHVT14_LVLDBUFE1_IY2V1_4 SAEDHVT14_LVLDBUFE1_IY2V1_6 SAEDHVT14_LVLDBUFE1_IY2V1_8 SAEDHVT14_LVLDBUFE1_IY2_1 SAEDHVT14_LVLDBUFE1_IY2_10 SAEDHVT14_LVLDBUFE1_IY2_12 SAEDHVT14_LVLDBUFE1_IY2_2 SAEDHVT14_LVLDBUFE1_IY2_4 SAEDHVT14_LVLDBUFE1_IY2_6 SAEDHVT14_LVLDBUFE1_IY2_8 SAEDHVT14_LVLDBUF_IY2V1_1 SAEDHVT14_LVLDBUF_IY2V1_10 SAEDHVT14_LVLDBUF_IY2V1_12 SAEDHVT14_LVLDBUF_IY2V1_2 SAEDHVT14_LVLDBUF_IY2V1_3 SAEDHVT14_LVLDBUF_IY2V1_4 SAEDHVT14_LVLDBUF_IY2V1_6 SAEDHVT14_LVLDBUF_IY2V1_8 SAEDHVT14_LVLUBUF4E0_IY2_2 SAEDHVT14_LVLUBUF4E0_IY2_4 SAEDHVT14_LVLUBUF4E0_IY2_8 SAEDHVT14_LVLUBUFE0_IY2V1_1 SAEDHVT14_LVLUBUFE0_IY2V1_10 SAEDHVT14_LVLUBUFE0_IY2V1_12 SAEDHVT14_LVLUBUFE0_IY2V1_2 SAEDHVT14_LVLUBUFE0_IY2V1_3 SAEDHVT14_LVLUBUFE0_IY2V1_4 SAEDHVT14_LVLUBUFE0_IY2V1_6 SAEDHVT14_LVLUBUFE0_IY2V1_8 SAEDHVT14_LVLUBUFE0_IY2_1 SAEDHVT14_LVLUBUFE0_IY2_10 SAEDHVT14_LVLUBUFE0_IY2_12 SAEDHVT14_LVLUBUFE0_IY2_2 SAEDHVT14_LVLUBUFE0_IY2_3 SAEDHVT14_LVLUBUFE0_IY2_4 SAEDHVT14_LVLUBUFE0_IY2_6 SAEDHVT14_LVLUBUFE0_IY2_8 SAEDHVT14_LVLUBUFE1_IY2V1_1 SAEDHVT14_LVLUBUFE1_IY2V1_10 SAEDHVT14_LVLUBUFE1_IY2V1_12 SAEDHVT14_LVLUBUFE1_IY2V1_2 SAEDHVT14_LVLUBUFE1_IY2V1_3 SAEDHVT14_LVLUBUFE1_IY2V1_4 SAEDHVT14_LVLUBUFE1_IY2V1_6 SAEDHVT14_LVLUBUFE1_IY2V1_8 SAEDHVT14_LVLUBUFE1_IY2_1 SAEDHVT14_LVLUBUFE1_IY2_10 SAEDHVT14_LVLUBUFE1_IY2_12 SAEDHVT14_LVLUBUFE1_IY2_2 SAEDHVT14_LVLUBUFE1_IY2_3 SAEDHVT14_LVLUBUFE1_IY2_4 SAEDHVT14_LVLUBUFE1_IY2_6 SAEDHVT14_LVLUBUFE1_IY2_8 SAEDHVT14_LVLUBUF_IY2V1_1 SAEDHVT14_LVLUBUF_IY2V1_10 SAEDHVT14_LVLUBUF_IY2V1_12 SAEDHVT14_LVLUBUF_IY2V1_2 SAEDHVT14_LVLUBUF_IY2V1_3 SAEDHVT14_LVLUBUF_IY2V1_4 SAEDHVT14_LVLUBUF_IY2V1_6 SAEDHVT14_LVLUBUF_IY2V1_8 SAEDHVT14_LVLUBUF_IY2_1 SAEDHVT14_LVLUBUF_IY2_10 SAEDHVT14_LVLUBUF_IY2_12 SAEDHVT14_LVLUBUF_IY2_2 SAEDHVT14_LVLUBUF_IY2_3 SAEDHVT14_LVLUBUF_IY2_4 SAEDHVT14_LVLUBUF_IY2_6 SAEDHVT14_LVLUBUF_IY2_8 SAEDHVT14_PGATDRV_V1_8}
lib.workspace.include_design_filters {SAEDHVT14_AOLVLUBUFE0_IY2V1_1 SAEDHVT14_AOLVLUBUFE0_IY2V1_10 SAEDHVT14_AOLVLUBUFE0_IY2V1_12 SAEDHVT14_AOLVLUBUFE0_IY2V1_2 SAEDHVT14_AOLVLUBUFE0_IY2V1_3 SAEDHVT14_AOLVLUBUFE0_IY2V1_4 SAEDHVT14_AOLVLUBUFE0_IY2V1_6 SAEDHVT14_AOLVLUBUFE0_IY2V1_8 SAEDHVT14_AOLVLUBUFE1_IY2V1_1 SAEDHVT14_AOLVLUBUFE1_IY2V1_10 SAEDHVT14_AOLVLUBUFE1_IY2V1_12 SAEDHVT14_AOLVLUBUFE1_IY2V1_2 SAEDHVT14_AOLVLUBUFE1_IY2V1_3 SAEDHVT14_AOLVLUBUFE1_IY2V1_4 SAEDHVT14_AOLVLUBUFE1_IY2V1_6 SAEDHVT14_AOLVLUBUFE1_IY2V1_8 SAEDHVT14_AOLVLUBUF_IY2V1_1 SAEDHVT14_AOLVLUBUF_IY2V1_10 SAEDHVT14_AOLVLUBUF_IY2V1_12 SAEDHVT14_AOLVLUBUF_IY2V1_2 SAEDHVT14_AOLVLUBUF_IY2V1_3 SAEDHVT14_AOLVLUBUF_IY2V1_4 SAEDHVT14_AOLVLUBUF_IY2V1_6 SAEDHVT14_AOLVLUBUF_IY2V1_8 SAEDHVT14_ELVLDNOR_V2_1 SAEDHVT14_ELVLDNOR_V2_10 SAEDHVT14_ELVLDNOR_V2_12 SAEDHVT14_ELVLDNOR_V2_2 SAEDHVT14_ELVLDNOR_V2_3 SAEDHVT14_ELVLDNOR_V2_4 SAEDHVT14_ELVLDNOR_V2_6 SAEDHVT14_ELVLDNOR_V2_8 SAEDHVT14_ELVLUNOR_V2_1 SAEDHVT14_ELVLUNOR_V2_10 SAEDHVT14_ELVLUNOR_V2_12 SAEDHVT14_ELVLUNOR_V2_2 SAEDHVT14_ELVLUNOR_V2_3 SAEDHVT14_ELVLUNOR_V2_4 SAEDHVT14_ELVLUNOR_V2_6 SAEDHVT14_ELVLUNOR_V2_8 SAEDHVT14_FSDN_V2_0P5 SAEDHVT14_LVLDBUFE0_IY2V1_1 SAEDHVT14_LVLDBUFE0_IY2V1_10 SAEDHVT14_LVLDBUFE0_IY2V1_12 SAEDHVT14_LVLDBUFE0_IY2V1_2 SAEDHVT14_LVLDBUFE0_IY2V1_3 SAEDHVT14_LVLDBUFE0_IY2V1_4 SAEDHVT14_LVLDBUFE0_IY2V1_6 SAEDHVT14_LVLDBUFE0_IY2V1_8 SAEDHVT14_LVLDBUFE0_IY2_1 SAEDHVT14_LVLDBUFE0_IY2_10 SAEDHVT14_LVLDBUFE0_IY2_12 SAEDHVT14_LVLDBUFE0_IY2_2 SAEDHVT14_LVLDBUFE0_IY2_3 SAEDHVT14_LVLDBUFE0_IY2_4 SAEDHVT14_LVLDBUFE0_IY2_6 SAEDHVT14_LVLDBUFE1_IY2V1_1 SAEDHVT14_LVLDBUFE1_IY2V1_10 SAEDHVT14_LVLDBUFE1_IY2V1_12 SAEDHVT14_LVLDBUFE1_IY2V1_2 SAEDHVT14_LVLDBUFE1_IY2V1_3 SAEDHVT14_LVLDBUFE1_IY2V1_4 SAEDHVT14_LVLDBUFE1_IY2V1_6 SAEDHVT14_LVLDBUFE1_IY2V1_8 SAEDHVT14_LVLDBUFE1_IY2_1 SAEDHVT14_LVLDBUFE1_IY2_10 SAEDHVT14_LVLDBUFE1_IY2_12 SAEDHVT14_LVLDBUFE1_IY2_2 SAEDHVT14_LVLDBUFE1_IY2_4 SAEDHVT14_LVLDBUFE1_IY2_6 SAEDHVT14_LVLDBUFE1_IY2_8 SAEDHVT14_LVLDBUF_IY2V1_1 SAEDHVT14_LVLDBUF_IY2V1_10 SAEDHVT14_LVLDBUF_IY2V1_12 SAEDHVT14_LVLDBUF_IY2V1_2 SAEDHVT14_LVLDBUF_IY2V1_3 SAEDHVT14_LVLDBUF_IY2V1_4 SAEDHVT14_LVLDBUF_IY2V1_6 SAEDHVT14_LVLDBUF_IY2V1_8 SAEDHVT14_LVLUBUF4E0_IY2_2 SAEDHVT14_LVLUBUF4E0_IY2_4 SAEDHVT14_LVLUBUF4E0_IY2_8 SAEDHVT14_LVLUBUFE0_IY2V1_1 SAEDHVT14_LVLUBUFE0_IY2V1_10 SAEDHVT14_LVLUBUFE0_IY2V1_12 SAEDHVT14_LVLUBUFE0_IY2V1_2 SAEDHVT14_LVLUBUFE0_IY2V1_3 SAEDHVT14_LVLUBUFE0_IY2V1_4 SAEDHVT14_LVLUBUFE0_IY2V1_6 SAEDHVT14_LVLUBUFE0_IY2V1_8 SAEDHVT14_LVLUBUFE0_IY2_1 SAEDHVT14_LVLUBUFE0_IY2_10 SAEDHVT14_LVLUBUFE0_IY2_12 SAEDHVT14_LVLUBUFE0_IY2_2 SAEDHVT14_LVLUBUFE0_IY2_3 SAEDHVT14_LVLUBUFE0_IY2_4 SAEDHVT14_LVLUBUFE0_IY2_6 SAEDHVT14_LVLUBUFE0_IY2_8 SAEDHVT14_LVLUBUFE1_IY2V1_1 SAEDHVT14_LVLUBUFE1_IY2V1_10 SAEDHVT14_LVLUBUFE1_IY2V1_12 SAEDHVT14_LVLUBUFE1_IY2V1_2 SAEDHVT14_LVLUBUFE1_IY2V1_3 SAEDHVT14_LVLUBUFE1_IY2V1_4 SAEDHVT14_LVLUBUFE1_IY2V1_6 SAEDHVT14_LVLUBUFE1_IY2V1_8 SAEDHVT14_LVLUBUFE1_IY2_1 SAEDHVT14_LVLUBUFE1_IY2_10 SAEDHVT14_LVLUBUFE1_IY2_12 SAEDHVT14_LVLUBUFE1_IY2_2 SAEDHVT14_LVLUBUFE1_IY2_3 SAEDHVT14_LVLUBUFE1_IY2_4 SAEDHVT14_LVLUBUFE1_IY2_6 SAEDHVT14_LVLUBUFE1_IY2_8 SAEDHVT14_LVLUBUF_IY2V1_1 SAEDHVT14_LVLUBUF_IY2V1_10 SAEDHVT14_LVLUBUF_IY2V1_12 SAEDHVT14_LVLUBUF_IY2V1_2 SAEDHVT14_LVLUBUF_IY2V1_3 SAEDHVT14_LVLUBUF_IY2V1_4 SAEDHVT14_LVLUBUF_IY2V1_6 SAEDHVT14_LVLUBUF_IY2V1_8 SAEDHVT14_LVLUBUF_IY2_1 SAEDHVT14_LVLUBUF_IY2_10 SAEDHVT14_LVLUBUF_IY2_12 SAEDHVT14_LVLUBUF_IY2_2 SAEDHVT14_LVLUBUF_IY2_3 SAEDHVT14_LVLUBUF_IY2_4 SAEDHVT14_LVLUBUF_IY2_6 SAEDHVT14_LVLUBUF_IY2_8 SAEDHVT14_PGATDRV_V1_8}
read_ndm /home/synopsys/SAED14nm_EDK/stdcell_hvt/ndm/saed14hvt_frame_only.ndm
Information: Loading library file '/home/synopsys/SAED14nm_EDK/stdcell_hvt/ndm/saed14hvt_frame_only.ndm' (FILE-007)
... including SAEDHVT14_AOLVLUBUFE0_IY2V1_1/frame
... including SAEDHVT14_AOLVLUBUFE0_IY2V1_10/frame
... including SAEDHVT14_AOLVLUBUFE0_IY2V1_12/frame
... including SAEDHVT14_AOLVLUBUFE0_IY2V1_2/frame
... including SAEDHVT14_AOLVLUBUFE0_IY2V1_3/frame
... including SAEDHVT14_AOLVLUBUFE0_IY2V1_4/frame
... including SAEDHVT14_AOLVLUBUFE0_IY2V1_6/frame
... including SAEDHVT14_AOLVLUBUFE0_IY2V1_8/frame
... including SAEDHVT14_AOLVLUBUFE1_IY2V1_1/frame
... including SAEDHVT14_AOLVLUBUFE1_IY2V1_10/frame
... including SAEDHVT14_AOLVLUBUFE1_IY2V1_12/frame
... including SAEDHVT14_AOLVLUBUFE1_IY2V1_2/frame
... including SAEDHVT14_AOLVLUBUFE1_IY2V1_3/frame
... including SAEDHVT14_AOLVLUBUFE1_IY2V1_4/frame
... including SAEDHVT14_AOLVLUBUFE1_IY2V1_6/frame
... including SAEDHVT14_AOLVLUBUFE1_IY2V1_8/frame
... including SAEDHVT14_AOLVLUBUF_IY2V1_1/frame
... including SAEDHVT14_AOLVLUBUF_IY2V1_10/frame
... including SAEDHVT14_AOLVLUBUF_IY2V1_12/frame
... including SAEDHVT14_AOLVLUBUF_IY2V1_2/frame
... including SAEDHVT14_AOLVLUBUF_IY2V1_3/frame
... including SAEDHVT14_AOLVLUBUF_IY2V1_4/frame
... including SAEDHVT14_AOLVLUBUF_IY2V1_6/frame
... including SAEDHVT14_AOLVLUBUF_IY2V1_8/frame
... including SAEDHVT14_ELVLDNOR_V2_1/frame
... including SAEDHVT14_ELVLDNOR_V2_10/frame
... including SAEDHVT14_ELVLDNOR_V2_12/frame
... including SAEDHVT14_ELVLDNOR_V2_2/frame
... including SAEDHVT14_ELVLDNOR_V2_3/frame
... including SAEDHVT14_ELVLDNOR_V2_4/frame
... including SAEDHVT14_ELVLDNOR_V2_6/frame
... including SAEDHVT14_ELVLDNOR_V2_8/frame
... including SAEDHVT14_ELVLUNOR_V2_1/frame
... including SAEDHVT14_ELVLUNOR_V2_10/frame
... including SAEDHVT14_ELVLUNOR_V2_12/frame
... including SAEDHVT14_ELVLUNOR_V2_2/frame
... including SAEDHVT14_ELVLUNOR_V2_3/frame
... including SAEDHVT14_ELVLUNOR_V2_4/frame
... including SAEDHVT14_ELVLUNOR_V2_6/frame
... including SAEDHVT14_ELVLUNOR_V2_8/frame
... including SAEDHVT14_FSDN_V2_0P5/frame
... including SAEDHVT14_LVLDBUFE0_IY2V1_1/frame
... including SAEDHVT14_LVLDBUFE0_IY2V1_10/frame
... including SAEDHVT14_LVLDBUFE0_IY2V1_12/frame
... including SAEDHVT14_LVLDBUFE0_IY2V1_2/frame
... including SAEDHVT14_LVLDBUFE0_IY2V1_3/frame
... including SAEDHVT14_LVLDBUFE0_IY2V1_4/frame
... including SAEDHVT14_LVLDBUFE0_IY2V1_6/frame
... including SAEDHVT14_LVLDBUFE0_IY2V1_8/frame
... including SAEDHVT14_LVLDBUFE0_IY2_1/frame
... including SAEDHVT14_LVLDBUFE0_IY2_10/frame
... including SAEDHVT14_LVLDBUFE0_IY2_12/frame
... including SAEDHVT14_LVLDBUFE0_IY2_2/frame
... including SAEDHVT14_LVLDBUFE0_IY2_3/frame
... including SAEDHVT14_LVLDBUFE0_IY2_4/frame
... including SAEDHVT14_LVLDBUFE0_IY2_6/frame
... including SAEDHVT14_LVLDBUFE1_IY2V1_1/frame
... including SAEDHVT14_LVLDBUFE1_IY2V1_10/frame
... including SAEDHVT14_LVLDBUFE1_IY2V1_12/frame
... including SAEDHVT14_LVLDBUFE1_IY2V1_2/frame
... including SAEDHVT14_LVLDBUFE1_IY2V1_3/frame
... including SAEDHVT14_LVLDBUFE1_IY2V1_4/frame
... including SAEDHVT14_LVLDBUFE1_IY2V1_6/frame
... including SAEDHVT14_LVLDBUFE1_IY2V1_8/frame
... including SAEDHVT14_LVLDBUFE1_IY2_1/frame
... including SAEDHVT14_LVLDBUFE1_IY2_10/frame
... including SAEDHVT14_LVLDBUFE1_IY2_12/frame
... including SAEDHVT14_LVLDBUFE1_IY2_2/frame
... including SAEDHVT14_LVLDBUFE1_IY2_4/frame
... including SAEDHVT14_LVLDBUFE1_IY2_6/frame
... including SAEDHVT14_LVLDBUFE1_IY2_8/frame
... including SAEDHVT14_LVLDBUF_IY2V1_1/frame
... including SAEDHVT14_LVLDBUF_IY2V1_10/frame
... including SAEDHVT14_LVLDBUF_IY2V1_12/frame
... including SAEDHVT14_LVLDBUF_IY2V1_2/frame
... including SAEDHVT14_LVLDBUF_IY2V1_3/frame
... including SAEDHVT14_LVLDBUF_IY2V1_4/frame
... including SAEDHVT14_LVLDBUF_IY2V1_6/frame
... including SAEDHVT14_LVLDBUF_IY2V1_8/frame
... including SAEDHVT14_LVLUBUF4E0_IY2_2/frame
... including SAEDHVT14_LVLUBUF4E0_IY2_4/frame
... including SAEDHVT14_LVLUBUF4E0_IY2_8/frame
... including SAEDHVT14_LVLUBUFE0_IY2V1_1/frame
... including SAEDHVT14_LVLUBUFE0_IY2V1_10/frame
... including SAEDHVT14_LVLUBUFE0_IY2V1_12/frame
... including SAEDHVT14_LVLUBUFE0_IY2V1_2/frame
... including SAEDHVT14_LVLUBUFE0_IY2V1_3/frame
... including SAEDHVT14_LVLUBUFE0_IY2V1_4/frame
... including SAEDHVT14_LVLUBUFE0_IY2V1_6/frame
... including SAEDHVT14_LVLUBUFE0_IY2V1_8/frame
... including SAEDHVT14_LVLUBUFE0_IY2_1/frame
... including SAEDHVT14_LVLUBUFE0_IY2_10/frame
... including SAEDHVT14_LVLUBUFE0_IY2_12/frame
... including SAEDHVT14_LVLUBUFE0_IY2_2/frame
... including SAEDHVT14_LVLUBUFE0_IY2_3/frame
... including SAEDHVT14_LVLUBUFE0_IY2_4/frame
... including SAEDHVT14_LVLUBUFE0_IY2_6/frame
... including SAEDHVT14_LVLUBUFE0_IY2_8/frame
... including SAEDHVT14_LVLUBUFE1_IY2V1_1/frame
... including SAEDHVT14_LVLUBUFE1_IY2V1_10/frame
... including SAEDHVT14_LVLUBUFE1_IY2V1_12/frame
... including SAEDHVT14_LVLUBUFE1_IY2V1_2/frame
... including SAEDHVT14_LVLUBUFE1_IY2V1_3/frame
... including SAEDHVT14_LVLUBUFE1_IY2V1_4/frame
... including SAEDHVT14_LVLUBUFE1_IY2V1_6/frame
... including SAEDHVT14_LVLUBUFE1_IY2V1_8/frame
... including SAEDHVT14_LVLUBUFE1_IY2_1/frame
... including SAEDHVT14_LVLUBUFE1_IY2_10/frame
... including SAEDHVT14_LVLUBUFE1_IY2_12/frame
... including SAEDHVT14_LVLUBUFE1_IY2_2/frame
... including SAEDHVT14_LVLUBUFE1_IY2_3/frame
... including SAEDHVT14_LVLUBUFE1_IY2_4/frame
... including SAEDHVT14_LVLUBUFE1_IY2_6/frame
... including SAEDHVT14_LVLUBUFE1_IY2_8/frame
... including SAEDHVT14_LVLUBUF_IY2V1_1/frame
... including SAEDHVT14_LVLUBUF_IY2V1_10/frame
... including SAEDHVT14_LVLUBUF_IY2V1_12/frame
... including SAEDHVT14_LVLUBUF_IY2V1_2/frame
... including SAEDHVT14_LVLUBUF_IY2V1_3/frame
... including SAEDHVT14_LVLUBUF_IY2V1_4/frame
... including SAEDHVT14_LVLUBUF_IY2V1_6/frame
... including SAEDHVT14_LVLUBUF_IY2V1_8/frame
... including SAEDHVT14_LVLUBUF_IY2_1/frame
... including SAEDHVT14_LVLUBUF_IY2_10/frame
... including SAEDHVT14_LVLUBUF_IY2_12/frame
... including SAEDHVT14_LVLUBUF_IY2_2/frame
... including SAEDHVT14_LVLUBUF_IY2_3/frame
... including SAEDHVT14_LVLUBUF_IY2_4/frame
... including SAEDHVT14_LVLUBUF_IY2_6/frame
... including SAEDHVT14_LVLUBUF_IY2_8/frame
... including SAEDHVT14_PGATDRV_V1_8/frame
{saed14hvt_frame_only}
reset_app_options lib.workspace.include_design_filters
1
process_workspaces -check_options {-allow_missing} -force -output CLIBs/saed14hvt_tt0p8v125c_physical_only.ndm
Warning: Cannot specify the -allow_missing option in the physical_only flow. It is ignored.  (LMUI-009)
Checking libraries...
Building a physical-only workspace...
... looking for physical-only designs ...
Information: Copied 131 physical designs (LM-050)

Workspace check succeeded!
... wrote CLIBs/saed14hvt_tt0p8v125c_physical_only.ndm
... removing library 'saed14hvt_frame_only'
... lib workspace removed!

Warning: EMS database "check_workspace.ems" already exists, over-writing it. (EMS-040)
remove_workspace
Maximum memory usage for this session: 76.37 MB
CPU usage for this session:      1 seconds (  0.00 hours)
Elapsed time for this session:      1 seconds (  0.00 hours)
Thank you for using IC Compiler II Library Manager.

