
                                  PYDB_Server 

           Version P-2019.06-3 for linux64 - Sep 20, 2019 cl#5068203

                    Copyright (c) 2007 - 2019 Synopsys, Inc.
   This software and the associated documentation are proprietary to Synopsys,
 Inc. This software may only be used in accordance with the terms and conditions
 of a written license agreement with Synopsys, Inc. All other use, reproduction,
            or distribution of this software is strictly prohibited.

variable width coordinate support enabled.
Listening for connections on port 7265
PYDB_Server Started on host synopsysserver, Mon 05/30/2022 12:01:36
Verified current licenses.
SQLite page_size=65536
SQLite cache_size=65536
SQLite mmap_size=0
SQLite journal_mode=OFF
Client synopsysserver(7800):33 connected (1 total client)
SQLite version 3.24.0
Client synopsysserver(7847):34 connected (2 total clients)
Client synopsysserver(7859):35 connected (3 total clients)
Client synopsysserver(7859):35 connection closed
Client synopsysserver(7859):35 disconnected (2 clients remain)
Client synopsysserver(7859):35 connected (3 total clients)
Client synopsysserver(7847):34 connection closed
Client synopsysserver(7847):34 disconnected (2 clients remain)
Client synopsysserver(7847):34 connected (3 total clients)
Client synopsysserver(7859):35 connection closed
Client synopsysserver(7859):35 disconnected (2 clients remain)
Client synopsysserver(7859):35 connected (3 total clients)
Begin error insertion: /home/userdata/21mvd0086/Simple_Processor_Working/Physical_Synthesis_ICC2_Version2/pv/saed14nm_1p9m_drc_rules.rs:2158:length_edge
Error insertion complete: /home/userdata/21mvd0086/Simple_Processor_Working/Physical_Synthesis_ICC2_Version2/pv/saed14nm_1p9m_drc_rules.rs:2158:length_edge
  Error Insertion Time=0:00:00  User=0.00 Sys=0.01 Mem=0.000 GB SQLite=0.006 GB Unpooled=0.000 GB
Begin error insertion: /home/userdata/21mvd0086/Simple_Processor_Working/Physical_Synthesis_ICC2_Version2/pv/saed14nm_1p9m_drc_rules.rs:1900:length_edge
Error insertion complete: /home/userdata/21mvd0086/Simple_Processor_Working/Physical_Synthesis_ICC2_Version2/pv/saed14nm_1p9m_drc_rules.rs:1900:length_edge
  Error Insertion Time=0:00:00  User=0.00 Sys=0.00 Mem=0.000 GB SQLite=0.006 GB Unpooled=0.000 GB
Begin error insertion: /home/userdata/21mvd0086/Simple_Processor_Working/Physical_Synthesis_ICC2_Version2/pv/saed14nm_1p9m_drc_rules.rs:1521:external1
Error insertion complete: /home/userdata/21mvd0086/Simple_Processor_Working/Physical_Synthesis_ICC2_Version2/pv/saed14nm_1p9m_drc_rules.rs:1521:external1
  Error Insertion Time=0:00:00  User=0.01 Sys=0.00 Mem=0.000 GB SQLite=0.006 GB Unpooled=0.000 GB
Begin error insertion: /home/userdata/21mvd0086/Simple_Processor_Working/Physical_Synthesis_ICC2_Version2/pv/saed14nm_1p9m_drc_rules.rs:1515:external1
Error insertion complete: /home/userdata/21mvd0086/Simple_Processor_Working/Physical_Synthesis_ICC2_Version2/pv/saed14nm_1p9m_drc_rules.rs:1515:external1
  Error Insertion Time=0:00:00  User=0.00 Sys=0.00 Mem=0.000 GB SQLite=0.006 GB Unpooled=0.000 GB
Begin error insertion: /home/userdata/21mvd0086/Simple_Processor_Working/Physical_Synthesis_ICC2_Version2/pv/saed14nm_1p9m_drc_rules.rs:1526:length_edge
Error insertion complete: /home/userdata/21mvd0086/Simple_Processor_Working/Physical_Synthesis_ICC2_Version2/pv/saed14nm_1p9m_drc_rules.rs:1526:length_edge
  Error Insertion Time=0:00:00  User=0.01 Sys=0.00 Mem=0.001 GB SQLite=0.006 GB Unpooled=0.000 GB
Begin error insertion: /home/userdata/21mvd0086/Simple_Processor_Working/Physical_Synthesis_ICC2_Version2/pv/saed14nm_1p9m_drc_rules.rs:2849:center_to_center1
Error insertion complete: /home/userdata/21mvd0086/Simple_Processor_Working/Physical_Synthesis_ICC2_Version2/pv/saed14nm_1p9m_drc_rules.rs:2849:center_to_center1
  Error Insertion Time=0:00:00  User=0.01 Sys=0.00 Mem=0.001 GB SQLite=0.007 GB Unpooled=0.000 GB
Begin error insertion: /home/userdata/21mvd0086/Simple_Processor_Working/Physical_Synthesis_ICC2_Version2/pv/saed14nm_1p9m_drc_rules.rs:1350:external2
Error insertion complete: /home/userdata/21mvd0086/Simple_Processor_Working/Physical_Synthesis_ICC2_Version2/pv/saed14nm_1p9m_drc_rules.rs:1350:external2
  Error Insertion Time=0:00:00  User=0.00 Sys=0.00 Mem=0.000 GB SQLite=0.007 GB Unpooled=0.000 GB
Begin error insertion: /home/userdata/21mvd0086/Simple_Processor_Working/Physical_Synthesis_ICC2_Version2/pv/saed14nm_1p9m_drc_rules.rs:1345:external2
Error insertion complete: /home/userdata/21mvd0086/Simple_Processor_Working/Physical_Synthesis_ICC2_Version2/pv/saed14nm_1p9m_drc_rules.rs:1345:external2
  Error Insertion Time=0:00:00  User=0.00 Sys=0.00 Mem=0.000 GB SQLite=0.007 GB Unpooled=0.000 GB
Begin error insertion: /home/userdata/21mvd0086/Simple_Processor_Working/Physical_Synthesis_ICC2_Version2/pv/saed14nm_1p9m_drc_rules.rs:1078:external1
Error insertion complete: /home/userdata/21mvd0086/Simple_Processor_Working/Physical_Synthesis_ICC2_Version2/pv/saed14nm_1p9m_drc_rules.rs:1078:external1
  Error Insertion Time=0:00:00  User=0.01 Sys=0.00 Mem=0.001 GB SQLite=0.007 GB Unpooled=0.000 GB
Begin error insertion: /home/userdata/21mvd0086/Simple_Processor_Working/Physical_Synthesis_ICC2_Version2/pv/saed14nm_1p9m_drc_rules.rs:1069:internal1
Error insertion complete: /home/userdata/21mvd0086/Simple_Processor_Working/Physical_Synthesis_ICC2_Version2/pv/saed14nm_1p9m_drc_rules.rs:1069:internal1
  Error Insertion Time=0:00:00  User=0.00 Sys=0.01 Mem=0.000 GB SQLite=0.007 GB Unpooled=0.000 GB
Begin error insertion: /home/userdata/21mvd0086/Simple_Processor_Working/Physical_Synthesis_ICC2_Version2/pv/saed14nm_1p9m_drc_rules.rs:1305:external1
Error insertion complete: /home/userdata/21mvd0086/Simple_Processor_Working/Physical_Synthesis_ICC2_Version2/pv/saed14nm_1p9m_drc_rules.rs:1305:external1
  Error Insertion Time=0:00:00  User=0.01 Sys=0.00 Mem=0.001 GB SQLite=0.008 GB Unpooled=0.000 GB
Begin error insertion: /home/userdata/21mvd0086/Simple_Processor_Working/Physical_Synthesis_ICC2_Version2/pv/saed14nm_1p9m_drc_rules.rs:1555:external2
Error insertion complete: /home/userdata/21mvd0086/Simple_Processor_Working/Physical_Synthesis_ICC2_Version2/pv/saed14nm_1p9m_drc_rules.rs:1555:external2
  Error Insertion Time=0:00:00  User=0.00 Sys=0.00 Mem=0.001 GB SQLite=0.008 GB Unpooled=0.000 GB
Begin error insertion: /home/userdata/21mvd0086/Simple_Processor_Working/Physical_Synthesis_ICC2_Version2/pv/saed14nm_1p9m_drc_rules.rs:2579:center_to_center1
Error insertion complete: /home/userdata/21mvd0086/Simple_Processor_Working/Physical_Synthesis_ICC2_Version2/pv/saed14nm_1p9m_drc_rules.rs:2579:center_to_center1
  Error Insertion Time=0:00:00  User=0.00 Sys=0.00 Mem=0.000 GB SQLite=0.008 GB Unpooled=0.000 GB
Begin error insertion: /home/userdata/21mvd0086/Simple_Processor_Working/Physical_Synthesis_ICC2_Version2/pv/saed14nm_1p9m_drc_rules.rs:2592:enclose
Error insertion complete: /home/userdata/21mvd0086/Simple_Processor_Working/Physical_Synthesis_ICC2_Version2/pv/saed14nm_1p9m_drc_rules.rs:2592:enclose
  Error Insertion Time=0:00:00  User=0.01 Sys=0.00 Mem=0.001 GB SQLite=0.008 GB Unpooled=0.000 GB
Begin error insertion: /home/userdata/21mvd0086/Simple_Processor_Working/Physical_Synthesis_ICC2_Version2/pv/saed14nm_1p9m_drc_rules.rs:2072:length_edge
Error insertion complete: /home/userdata/21mvd0086/Simple_Processor_Working/Physical_Synthesis_ICC2_Version2/pv/saed14nm_1p9m_drc_rules.rs:2072:length_edge
  Error Insertion Time=0:00:00  User=0.00 Sys=0.00 Mem=0.001 GB SQLite=0.008 GB Unpooled=0.000 GB
Begin error insertion: /home/userdata/21mvd0086/Simple_Processor_Working/Physical_Synthesis_ICC2_Version2/pv/saed14nm_1p9m_drc_rules.rs:1560:external2
Error insertion complete: /home/userdata/21mvd0086/Simple_Processor_Working/Physical_Synthesis_ICC2_Version2/pv/saed14nm_1p9m_drc_rules.rs:1560:external2
  Error Insertion Time=0:00:00  User=0.01 Sys=0.00 Mem=0.001 GB SQLite=0.008 GB Unpooled=0.000 GB
Begin error insertion: /home/userdata/21mvd0086/Simple_Processor_Working/Physical_Synthesis_ICC2_Version2/pv/saed14nm_1p9m_drc_rules.rs:2620:not
Error insertion complete: /home/userdata/21mvd0086/Simple_Processor_Working/Physical_Synthesis_ICC2_Version2/pv/saed14nm_1p9m_drc_rules.rs:2620:not
  Error Insertion Time=0:00:00  User=0.00 Sys=0.00 Mem=0.001 GB SQLite=0.009 GB Unpooled=0.000 GB
Begin error insertion: /home/userdata/21mvd0086/Simple_Processor_Working/Physical_Synthesis_ICC2_Version2/pv/saed14nm_1p9m_drc_rules.rs:2583:external2
Error insertion complete: /home/userdata/21mvd0086/Simple_Processor_Working/Physical_Synthesis_ICC2_Version2/pv/saed14nm_1p9m_drc_rules.rs:2583:external2
  Error Insertion Time=0:00:00  User=0.00 Sys=0.00 Mem=0.001 GB SQLite=0.009 GB Unpooled=0.000 GB
Begin error insertion: /home/userdata/21mvd0086/Simple_Processor_Working/Physical_Synthesis_ICC2_Version2/pv/saed14nm_1p9m_drc_rules.rs:1316:length_edge
Error insertion complete: /home/userdata/21mvd0086/Simple_Processor_Working/Physical_Synthesis_ICC2_Version2/pv/saed14nm_1p9m_drc_rules.rs:1316:length_edge
  Error Insertion Time=0:00:00  User=0.01 Sys=0.00 Mem=0.001 GB SQLite=0.009 GB Unpooled=0.000 GB
Begin error insertion: /home/userdata/21mvd0086/Simple_Processor_Working/Physical_Synthesis_ICC2_Version2/pv/saed14nm_1p9m_drc_rules.rs:1296:internal1
Error insertion complete: /home/userdata/21mvd0086/Simple_Processor_Working/Physical_Synthesis_ICC2_Version2/pv/saed14nm_1p9m_drc_rules.rs:1296:internal1
  Error Insertion Time=0:00:00  User=0.00 Sys=0.00 Mem=0.001 GB SQLite=0.009 GB Unpooled=0.000 GB
Begin error insertion: /home/userdata/21mvd0086/Simple_Processor_Working/Physical_Synthesis_ICC2_Version2/pv/saed14nm_1p9m_drc_rules.rs:1816:length_edge
Error insertion complete: /home/userdata/21mvd0086/Simple_Processor_Working/Physical_Synthesis_ICC2_Version2/pv/saed14nm_1p9m_drc_rules.rs:1816:length_edge
  Error Insertion Time=0:00:00  User=0.01 Sys=0.01 Mem=0.001 GB SQLite=0.009 GB Unpooled=0.000 GB
Begin error insertion: /home/userdata/21mvd0086/Simple_Processor_Working/Physical_Synthesis_ICC2_Version2/pv/saed14nm_1p9m_drc_rules.rs:2972:center_to_center1
Error insertion complete: /home/userdata/21mvd0086/Simple_Processor_Working/Physical_Synthesis_ICC2_Version2/pv/saed14nm_1p9m_drc_rules.rs:2972:center_to_center1
  Error Insertion Time=0:00:00  User=0.00 Sys=0.00 Mem=0.001 GB SQLite=0.009 GB Unpooled=0.000 GB
Begin error insertion: /home/userdata/21mvd0086/Simple_Processor_Working/Physical_Synthesis_ICC2_Version2/pv/saed14nm_1p9m_drc_rules.rs:1125:external2
Error insertion complete: /home/userdata/21mvd0086/Simple_Processor_Working/Physical_Synthesis_ICC2_Version2/pv/saed14nm_1p9m_drc_rules.rs:1125:external2
  Error Insertion Time=0:00:00  User=0.00 Sys=0.00 Mem=0.001 GB SQLite=0.009 GB Unpooled=0.000 GB
Begin error insertion: /home/userdata/21mvd0086/Simple_Processor_Working/Physical_Synthesis_ICC2_Version2/pv/saed14nm_1p9m_drc_rules.rs:1985:length_edge
Error insertion complete: /home/userdata/21mvd0086/Simple_Processor_Working/Physical_Synthesis_ICC2_Version2/pv/saed14nm_1p9m_drc_rules.rs:1985:length_edge
  Error Insertion Time=0:00:00  User=0.00 Sys=0.00 Mem=0.001 GB SQLite=0.009 GB Unpooled=0.000 GB
Begin error insertion: /home/userdata/21mvd0086/Simple_Processor_Working/Physical_Synthesis_ICC2_Version2/pv/saed14nm_1p9m_drc_rules.rs:1130:external2
Error insertion complete: /home/userdata/21mvd0086/Simple_Processor_Working/Physical_Synthesis_ICC2_Version2/pv/saed14nm_1p9m_drc_rules.rs:1130:external2
  Error Insertion Time=0:00:00  User=0.01 Sys=0.00 Mem=0.001 GB SQLite=0.009 GB Unpooled=0.000 GB
Begin error insertion: /home/userdata/21mvd0086/Simple_Processor_Working/Physical_Synthesis_ICC2_Version2/pv/saed14nm_1p9m_drc_rules.rs:1906:external1
Error insertion complete: /home/userdata/21mvd0086/Simple_Processor_Working/Physical_Synthesis_ICC2_Version2/pv/saed14nm_1p9m_drc_rules.rs:1906:external1
  Error Insertion Time=0:00:00  User=0.00 Sys=0.00 Mem=0.001 GB SQLite=0.009 GB Unpooled=0.000 GB
Begin error insertion: /home/userdata/21mvd0086/Simple_Processor_Working/Physical_Synthesis_ICC2_Version2/pv/saed14nm_1p9m_drc_rules.rs:1884:internal1
Error insertion complete: /home/userdata/21mvd0086/Simple_Processor_Working/Physical_Synthesis_ICC2_Version2/pv/saed14nm_1p9m_drc_rules.rs:1884:internal1
  Error Insertion Time=0:00:00  User=0.00 Sys=0.00 Mem=0.001 GB SQLite=0.009 GB Unpooled=0.000 GB
Begin error insertion: /home/userdata/21mvd0086/Simple_Processor_Working/Physical_Synthesis_ICC2_Version2/pv/saed14nm_1p9m_drc_rules.rs:2056:internal1
Error insertion complete: /home/userdata/21mvd0086/Simple_Processor_Working/Physical_Synthesis_ICC2_Version2/pv/saed14nm_1p9m_drc_rules.rs:2056:internal1
  Error Insertion Time=0:00:00  User=0.00 Sys=0.00 Mem=0.001 GB SQLite=0.009 GB Unpooled=0.000 GB
Begin error insertion: /home/userdata/21mvd0086/Simple_Processor_Working/Physical_Synthesis_ICC2_Version2/pv/saed14nm_1p9m_drc_rules.rs:1174:area
Error insertion complete: /home/userdata/21mvd0086/Simple_Processor_Working/Physical_Synthesis_ICC2_Version2/pv/saed14nm_1p9m_drc_rules.rs:1174:area
  Error Insertion Time=0:00:00  User=0.00 Sys=0.01 Mem=0.001 GB SQLite=0.010 GB Unpooled=0.000 GB
Begin error insertion: /home/userdata/21mvd0086/Simple_Processor_Working/Physical_Synthesis_ICC2_Version2/pv/saed14nm_1p9m_drc_rules.rs:1969:internal1
Error insertion complete: /home/userdata/21mvd0086/Simple_Processor_Working/Physical_Synthesis_ICC2_Version2/pv/saed14nm_1p9m_drc_rules.rs:1969:internal1
  Error Insertion Time=0:00:00  User=0.01 Sys=0.00 Mem=0.001 GB SQLite=0.010 GB Unpooled=0.000 GB
Begin error insertion: /home/userdata/21mvd0086/Simple_Processor_Working/Physical_Synthesis_ICC2_Version2/pv/saed14nm_1p9m_drc_rules.rs:1311:external1
Error insertion complete: /home/userdata/21mvd0086/Simple_Processor_Working/Physical_Synthesis_ICC2_Version2/pv/saed14nm_1p9m_drc_rules.rs:1311:external1
  Error Insertion Time=0:00:00  User=0.00 Sys=0.01 Mem=0.001 GB SQLite=0.010 GB Unpooled=0.000 GB
Begin error insertion: /home/userdata/21mvd0086/Simple_Processor_Working/Physical_Synthesis_ICC2_Version2/pv/saed14nm_1p9m_drc_rules.rs:2622:not
Error insertion complete: /home/userdata/21mvd0086/Simple_Processor_Working/Physical_Synthesis_ICC2_Version2/pv/saed14nm_1p9m_drc_rules.rs:2622:not
  Error Insertion Time=0:00:00  User=0.00 Sys=0.00 Mem=0.001 GB SQLite=0.010 GB Unpooled=0.000 GB
Begin error insertion: /home/userdata/21mvd0086/Simple_Processor_Working/Physical_Synthesis_ICC2_Version2/pv/saed14nm_1p9m_drc_rules.rs:2142:internal1
Error insertion complete: /home/userdata/21mvd0086/Simple_Processor_Working/Physical_Synthesis_ICC2_Version2/pv/saed14nm_1p9m_drc_rules.rs:2142:internal1
  Error Insertion Time=0:00:00  User=0.00 Sys=0.00 Mem=0.001 GB SQLite=0.010 GB Unpooled=0.000 GB
Begin error insertion: /home/userdata/21mvd0086/Simple_Processor_Working/Physical_Synthesis_ICC2_Version2/pv/saed14nm_1p9m_drc_rules.rs:2573:not
Error insertion complete: /home/userdata/21mvd0086/Simple_Processor_Working/Physical_Synthesis_ICC2_Version2/pv/saed14nm_1p9m_drc_rules.rs:2573:not
  Error Insertion Time=0:00:00  User=0.00 Sys=0.00 Mem=0.001 GB SQLite=0.010 GB Unpooled=0.000 GB
Begin error insertion: /home/userdata/21mvd0086/Simple_Processor_Working/Physical_Synthesis_ICC2_Version2/pv/saed14nm_1p9m_drc_rules.rs:1727:external1
Error insertion complete: /home/userdata/21mvd0086/Simple_Processor_Working/Physical_Synthesis_ICC2_Version2/pv/saed14nm_1p9m_drc_rules.rs:1727:external1
  Error Insertion Time=0:00:00  User=0.00 Sys=0.00 Mem=0.001 GB SQLite=0.010 GB Unpooled=0.000 GB
Begin error insertion: /home/userdata/21mvd0086/Simple_Processor_Working/Physical_Synthesis_ICC2_Version2/pv/saed14nm_1p9m_drc_rules.rs:1733:length_edge
Error insertion complete: /home/userdata/21mvd0086/Simple_Processor_Working/Physical_Synthesis_ICC2_Version2/pv/saed14nm_1p9m_drc_rules.rs:1733:length_edge
  Error Insertion Time=0:00:00  User=0.01 Sys=0.00 Mem=0.001 GB SQLite=0.010 GB Unpooled=0.000 GB
Begin error insertion: /home/userdata/21mvd0086/Simple_Processor_Working/Physical_Synthesis_ICC2_Version2/pv/saed14nm_1p9m_drc_rules.rs:1822:external1
Error insertion complete: /home/userdata/21mvd0086/Simple_Processor_Working/Physical_Synthesis_ICC2_Version2/pv/saed14nm_1p9m_drc_rules.rs:1822:external1
  Error Insertion Time=0:00:00  User=0.00 Sys=0.00 Mem=0.001 GB SQLite=0.010 GB Unpooled=0.000 GB
Begin error insertion: /home/userdata/21mvd0086/Simple_Processor_Working/Physical_Synthesis_ICC2_Version2/pv/saed14nm_1p9m_drc_rules.rs:1800:internal1
Error insertion complete: /home/userdata/21mvd0086/Simple_Processor_Working/Physical_Synthesis_ICC2_Version2/pv/saed14nm_1p9m_drc_rules.rs:1800:internal1
  Error Insertion Time=0:00:00  User=0.01 Sys=0.01 Mem=0.001 GB SQLite=0.010 GB Unpooled=0.000 GB
Begin error insertion: /home/userdata/21mvd0086/Simple_Processor_Working/Physical_Synthesis_ICC2_Version2/pv/saed14nm_1p9m_drc_rules.rs:1114:length_edge
Error insertion complete: /home/userdata/21mvd0086/Simple_Processor_Working/Physical_Synthesis_ICC2_Version2/pv/saed14nm_1p9m_drc_rules.rs:1114:length_edge
  Error Insertion Time=0:00:00  User=0.00 Sys=0.00 Mem=0.001 GB SQLite=0.010 GB Unpooled=0.000 GB
Begin error insertion: /home/userdata/21mvd0086/Simple_Processor_Working/Physical_Synthesis_ICC2_Version2/pv/saed14nm_1p9m_drc_rules.rs:1739:external1
Error insertion complete: /home/userdata/21mvd0086/Simple_Processor_Working/Physical_Synthesis_ICC2_Version2/pv/saed14nm_1p9m_drc_rules.rs:1739:external1
  Error Insertion Time=0:00:00  User=0.00 Sys=0.00 Mem=0.001 GB SQLite=0.011 GB Unpooled=0.000 GB
Begin error insertion: /home/userdata/21mvd0086/Simple_Processor_Working/Physical_Synthesis_ICC2_Version2/pv/saed14nm_1p9m_drc_rules.rs:1717:internal1
Error insertion complete: /home/userdata/21mvd0086/Simple_Processor_Working/Physical_Synthesis_ICC2_Version2/pv/saed14nm_1p9m_drc_rules.rs:1717:internal1
  Error Insertion Time=0:00:00  User=0.01 Sys=0.00 Mem=0.001 GB SQLite=0.011 GB Unpooled=0.000 GB
Client synopsysserver(7859):35 connection closed
Client synopsysserver(7847):34 connection closed
Client synopsysserver(7847):34 disconnected (2 clients remain)
Client synopsysserver(7859):35 disconnected (1 client remains)
 Total error insertion Time=0:00:05  User=0.14 Sys=0.06 Mem=0.001 GB SQLite=0.011 GB Unpooled=0.000 GB
  Total Commands: 41
  Total Errors: 12618
  Avg Time/Cmd: Wall=0 User=0.00 Sys=0.00 Mem=0.001 GB MySQL Mem=0.000 GB
Generating /home/userdata/21mvd0086/Simple_Processor_Working/Physical_Synthesis_ICC2_Version2/icvDRC_run/29th_MAY_ROUTE_DONE.LAYOUT_ERRORS
  Generation Time=0:00:00  User=0.04 Sys=0.00 Mem=0.001 GB
Shutdown requested by client synopsysserver(7800):33
0 clients remain connected
Client synopsysserver(7800):33 connection closed
Overall server Time=0:00:07  User=0.55 Sys=0.23 Mem=0.001 GB SQLite=0.011 GB Unpooled=0.000 GB
