13:25:18    16 -->                                                             [tcl] ucliGUI::connect -toolargs -ucligui -toolexe output_file -V -pid 22342 -toolin /tmp/vcs_20220519075515_22341_21mvd0086..stdin -toolout /tmp/vcs_20220519075515_22341_21mvd0086..stdout  
13:25:18    17 -->                                                                 [tcl] set ucliGUI::state
13:25:18    18 -->                                                                     [tcl] gui_update_simulator_buttons
13:25:19    19 -->                                                                         [tcl] set ucliGUI::state
13:25:19    20 -->                                                                             [tcl] ucliCore::getToolPID
13:25:19    21 -->                                                                                 [tcl] synopsys::env hasTB
13:25:19    22 -->                                                                                     [tcl] trigger_hier_stack_context_switch 0
13:25:19    23 -->                                                                                         [tcl] synUtils::setDVEInitPhase 1
13:25:19    24 -->                                                                                             [tcl] gui_get_env SIMSETUP::SIMVPD
13:25:19    25 --> ...  [tcl] synopsys::dump -type VPD -file /home/userdata/21mvd0086/Simple_Processor_Working/Logic_Simulation/inter.vpd -locking
13:25:19    26 --> ...      [tcl] synopsys::dump -autoflush on -fid VPD0
13:25:19    27 --> ...          [tcl] set ::dve_fid VPD0
13:25:19    28 --> ...              [tcl] synUtils::setDVEInitPhase 0
13:25:19    29 --> ...                  [tcl] ucliCore::getToolPID
13:25:19    30 --> ...                      [tcl] synUtils::sendTool -active _icl_setToolSocket /tmp/smlnpdfVUnW
13:25:19    31 --> ...                          [tcl] synUtils::sendTool -active {_icl_start_rpc -version "O-2018.09-SP1_Full64" -sync_file /tmp/vcs_dve_rpc.21mvd0086.22342}
13:25:19    32 --> ...                              [tcl] synUtils::sendTool -active {_icl_createSharedMemory /tmp/vcs_dve_general.21mvd0086.22342}
13:25:19    33 --> ...                                  [tcl] dveMisc::vbusExpand simple_processor_testbench_add_op
13:25:19    34 --> ...                                      [tcl] config endofsim noexit
13:25:19    35 --> ...                                          [tcl] config onfail enable all
13:25:19    36 --> ...                                              [tcl] config syscaddplainmembers
13:25:19    37 --> ...                                                  [tcl] config syscaddsourcenames
13:25:19    38 --> ...                                                      [tcl] config syscaddstructtypes
13:25:19    39 --> ...                                                          [tcl] synopsys::listing -disable
13:25:24    40 --> ...                                                              [tcl] dveMisc::vbusExpand simple_processor_testbench_add_op.T1
13:25:47    41 --> ...                                                                  [tcl] ucliGUI::vpdAddHierarchy -scope simple_processor_testbench_add_op.T1 -depth 1 -file /home/userdata/21mvd0086/Simple_Processor_Working/Logic_Simulation/inter.vpd; synopsys::dump -flush VPD0
13:25:47    42 --> ...                                                                      [tcl] synopsys::dump -add {simple_processor_testbench_add_op.T1.Add_sub simple_processor_testbench_add_op.T1.Bus simple_processor_testbench_add_op.T1.Clock simple_processor_testbench_add_op.T1.DIN simple_processor_testbench_add_op.T1.Done simple_processor_testbench_add_op.T1.Gout simple_processor_testbench_add_op.T1.LdA simple_processor_testbench_add_op.T1.LdG simple_processor_testbench_add_op.T1.LdR0 simple_processor_testbench_add_op.T1.LdR2 simple_processor_testbench_add_op.T1.R0out simple_processor_testbench_add_op.T1.R2out simple_processor_testbench_add_op.T1.Resetn simple_processor_testbench_add_op.T1.Run } -aggregates  -fid VPD0
13:25:50    43 --> ...                                                                          [tcl] dveMisc::vbusExpand simple_processor_testbench_add_op.T1.G2_Datapath
13:26:05    44 --> ...                                                                              [tcl] synopsys::dump -add {simple_processor_testbench_add_op.T1.G2_Datapath.A_data_out simple_processor_testbench_add_op.T1.G2_Datapath.G simple_processor_testbench_add_op.T1.G2_Datapath.R0_data_out simple_processor_testbench_add_op.T1.G2_Datapath.R2_data_out simple_processor_testbench_add_op.T1.G2_Datapath.Sum } -aggregates  -fid VPD0
13:26:08    45 --> ...                                                                                  [tcl] synopsys::run
13:26:08    46 --> ...                                                                                      [tcl] set ucliGUI::state
13:26:08    47 --> ...                                                                                          [tcl] gui_update_simulator_buttons
13:26:08    48 --> ...                                                                                              [tcl] set ucliGUI::state
13:26:08    49 --> ...                                                                                                  [tcl] set ucliGUI::state
13:26:08    50 --> ...  [tcl] set ucliGUI::state
13:26:08    51 --> ...      [tcl] catch {senv activeDomain} dveMisc::result 
13:26:08    52 --> ...          [tcl] set dveMisc::result
13:26:08    53 --> ...              [tcl] gui_update_simulator_buttons
13:26:59    54 --> ...                  [tcl] if [catch {gui_sim_terminate}] {gui_sim_terminate -kill}
13:26:59    55 --> ...                      [tcl] synopsys::finish
13:26:59    56 --> ...                          [tcl] set ucliGUI::state
13:26:59    57 --> ...                              [tcl] gui_update_simulator_buttons
13:26:59    58 --> ...                                  [tcl] set ucliGUI::state
13:26:59    59 --> ...                                      [tcl] catch {senv activeDomain} dveMisc::result 
13:26:59    60 --> ...                                          [tcl] set dveMisc::result
13:26:59    61 --> ...                                              [tcl] gui_update_simulator_buttons
13:26:59    62 --> ...                                                  [tcl] catch {senv activeDomain} dveMisc::result 
13:26:59    63 --> ...                                                      [tcl] set dveMisc::result
13:26:59    64 --> ...                                                          [tcl] ucli_exit
