# Preference setting overrides
gui_set_pref_value -category {Globals} -key {app_default_font} -value {Helvetica,18,-1,5,50,0,0,0,0,0}
gui_set_pref_value -category {Globals} -key {app_fixed_width_font} -value {Courier,18,-1,5,50,0,0,0,0,0}
gui_create_pref_key -category {Globals} -key {load_detail_for_funcov} -value_type {bool} -value {false}
gui_create_pref_category -category {dlg_settings}
gui_create_pref_key -category {dlg_settings} -key {tableWithImmediatePopup} -value_type {bool} -value {true}
gui_create_pref_category -category {schem_obj_name}
gui_create_pref_key -category {schem_obj_name} -key {show_cell_and_pin_with_symbol_name} -value_type {bool} -value {false}
gui_create_pref_key -category {schem_pin_hc} -key {textExtFont} -value_type {string} -value {Helvetica,10,-1,5,50,0,0,0,0,0}

# State setting overrides
gui_state_default_create -off -ini
gui_set_state_value -category Globals -key open_list_inside -value true
gui_set_state_value -category Globals -key open_path_inside -value false
gui_set_state_value -category Globals -key open_schematic_inside -value false
gui_set_state_value -category Globals -key recent_sessions -value {{gui_load_session -ignore_errors -file /home/userdata/21mvd0086/Simple_Processor_Working/Gate_Level_Synthesis/Gate_Level_Simulation/gls/AddOperation1.inter.vpd.tcl -ignore_errors} {gui_load_session -ignore_errors -file /home/userdata/21mvd0086/Simple_Processor_Working/Gate_Level_Synthesis/Gate_Level_Simulation/gls/AddOperation1.inter.vpd.tcl} {gui_load_session -ignore_errors -file /home/userdata/21mvd0086/Simple_Processor_Working/Logic_Simulation/Simulation_Prinouts/Move_New_Operation/session.inter.vpd.tcl} {gui_load_session -ignore_errors -file /home/userdata/21mvd0086/demo_21mvd/DVEfiles/dve_checkpoint_36266_1.tcl}}
gui_set_state_value -category Layout -key child_console_size_x -value 1917
gui_set_state_value -category Layout -key child_console_size_y -value 178
gui_set_state_value -category Layout -key child_data_coltype -value 136
gui_set_state_value -category Layout -key child_data_colvalue -value 105
gui_set_state_value -category Layout -key child_data_colvariable -value 260
gui_set_state_value -category Layout -key child_data_size_x -value 453
gui_set_state_value -category Layout -key child_data_size_y -value 689
gui_set_state_value -category Layout -key child_driver_size_x -value 1647
gui_set_state_value -category Layout -key child_driver_size_y -value 185
gui_set_state_value -category Layout -key child_hier_col3 -value {-1}
gui_set_state_value -category Layout -key child_hier_colhier -value 727
gui_set_state_value -category Layout -key child_hier_colpd -value 0
gui_set_state_value -category Layout -key child_hier_coltype -value 85
gui_set_state_value -category Layout -key child_hier_size_x -value 796
gui_set_state_value -category Layout -key child_hier_size_y -value 689
gui_set_state_value -category Layout -key child_list_docknewline -value false
gui_set_state_value -category Layout -key child_list_down -value 523
gui_set_state_value -category Layout -key child_list_pos_x -value {-2}
gui_set_state_value -category Layout -key child_list_pos_y -value {-28}
gui_set_state_value -category Layout -key child_list_right -value 474
gui_set_state_value -category Layout -key child_list_size_x -value 634
gui_set_state_value -category Layout -key child_list_size_y -value 681
gui_set_state_value -category Layout -key child_source_docknewline -value false
gui_set_state_value -category Layout -key child_source_pos_x -value {-2}
gui_set_state_value -category Layout -key child_source_pos_y -value {-28}
gui_set_state_value -category Layout -key child_source_size_x -value 671
gui_set_state_value -category Layout -key child_source_size_y -value 686
gui_set_state_value -category Layout -key child_wave_colname -value 303
gui_set_state_value -category Layout -key child_wave_colvalue -value 250
gui_set_state_value -category Layout -key child_wave_left -value 557
gui_set_state_value -category Layout -key child_wave_right -value 1357
gui_set_state_value -category Layout -key main_pos_x -value 8
gui_set_state_value -category Layout -key main_pos_y -value 31
gui_set_state_value -category Layout -key main_size_x -value 1925
gui_set_state_value -category Layout -key main_size_y -value 1055
gui_set_state_value -category Layout -key stand_schematic_child_docknewline -value false
gui_set_state_value -category Layout -key stand_schematic_child_pos_x -value {-2}
gui_set_state_value -category Layout -key stand_schematic_child_pos_y -value {-28}
gui_set_state_value -category Layout -key stand_schematic_child_size_x -value 1864
gui_set_state_value -category Layout -key stand_schematic_child_size_y -value 839
gui_set_state_value -category Layout -key stand_schematic_top_pos_x -value 8
gui_set_state_value -category Layout -key stand_schematic_top_pos_y -value 31
gui_set_state_value -category Layout -key stand_schematic_top_size_x -value 1867
gui_set_state_value -category Layout -key stand_schematic_top_size_y -value 1030
gui_set_state_value -category Layout -key stand_wave_child_docknewline -value false
gui_set_state_value -category Layout -key stand_wave_child_pos_x -value {-2}
gui_set_state_value -category Layout -key stand_wave_child_pos_y -value {-28}
gui_set_state_value -category Layout -key stand_wave_child_size_x -value 1924
gui_set_state_value -category Layout -key stand_wave_child_size_y -value 866
gui_set_state_value -category Layout -key stand_wave_top_pos_x -value 0
gui_set_state_value -category Layout -key stand_wave_top_pos_y -value 23
gui_set_state_value -category Layout -key stand_wave_top_size_x -value 1919
gui_set_state_value -category Layout -key stand_wave_top_size_y -value 1049
gui_create_state_key -category FindDialog -key m_pMatchCase -value_type bool -value false
gui_create_state_key -category FindDialog -key m_pMatchWord -value_type bool -value false
gui_create_state_key -category FindDialog -key m_pUseCombo -value_type string -value {}
gui_create_state_key -category FindDialog -key m_pWrapAround -value_type bool -value true
gui_create_state_key -category Widget_History -key {dlgSimSetup|m_setupTab|tab pages|SimTab|m_VPDCombo} -value_type string -value inter.vpd
gui_create_state_key -category Widget_History -key {dlgSimSetup|m_setupTab|tab pages|SimTab|m_argsCombo} -value_type string -value {{-V}}
gui_create_state_key -category Widget_History -key {dlgSimSetup|m_setupTab|tab pages|SimTab|m_curDirCombo} -value_type string -value /home/userdata/21mvd0086/Simple_Processor_Working/Gate_Level_Synthesis/Gate_Level_Simulation/gls
gui_create_state_key -category Widget_History -key {dlgSimSetup|m_setupTab|tab pages|SimTab|m_exeCombo} -value_type string -value gls
gui_state_default_create -off

# Begin command logging
gui_sim_run Ucli -exe output_file -args {-ucligui  -V} -dir .
gui_list_expand -id  Hier.1   simple_processor_testbench_add_op
gui_list_select -id Hier.1 -current_item_name simple_processor_testbench_add_op.T1 -current_item_type Scope  -selected  { simple_processor_testbench_add_op.T1   }
gui_list_expand -id  Hier.1   simple_processor_testbench_add_op.T1
gui_list_show_data -select -id  Hier.1   simple_processor_testbench_add_op.T1
gui_list_select -id Data.1 -selected  { simple_processor_testbench_add_op.T1.Run   }
gui_list_select -id Data.1 -selected  { simple_processor_testbench_add_op.T1.Run  simple_processor_testbench_add_op.T1.Resetn   }
gui_list_select -id Data.1 -selected  { simple_processor_testbench_add_op.T1.Run  simple_processor_testbench_add_op.T1.Resetn  simple_processor_testbench_add_op.T1.Clock   }
gui_list_select -id Data.1 -selected  { simple_processor_testbench_add_op.T1.Run  simple_processor_testbench_add_op.T1.Resetn  simple_processor_testbench_add_op.T1.Clock  {simple_processor_testbench_add_op.T1.DIN[8:0]}   }
gui_list_select -id Data.1 -selected  { simple_processor_testbench_add_op.T1.Run  simple_processor_testbench_add_op.T1.Resetn  simple_processor_testbench_add_op.T1.Clock  {simple_processor_testbench_add_op.T1.DIN[8:0]}  {simple_processor_testbench_add_op.T1.Bus[8:0]}   }
gui_list_select -id Data.1 -selected  { simple_processor_testbench_add_op.T1.Run  simple_processor_testbench_add_op.T1.Resetn  simple_processor_testbench_add_op.T1.Clock  {simple_processor_testbench_add_op.T1.DIN[8:0]}  {simple_processor_testbench_add_op.T1.Bus[8:0]}  simple_processor_testbench_add_op.T1.Done   }
gui_list_select -id Data.1 -selected  { simple_processor_testbench_add_op.T1.Run  simple_processor_testbench_add_op.T1.Resetn  simple_processor_testbench_add_op.T1.Clock  {simple_processor_testbench_add_op.T1.DIN[8:0]}  {simple_processor_testbench_add_op.T1.Bus[8:0]}  simple_processor_testbench_add_op.T1.Done  simple_processor_testbench_add_op.T1.LdR0   }
gui_list_select -id Data.1 -selected  { simple_processor_testbench_add_op.T1.Run  simple_processor_testbench_add_op.T1.Resetn  simple_processor_testbench_add_op.T1.Clock  {simple_processor_testbench_add_op.T1.DIN[8:0]}  {simple_processor_testbench_add_op.T1.Bus[8:0]}  simple_processor_testbench_add_op.T1.Done  simple_processor_testbench_add_op.T1.LdR0  simple_processor_testbench_add_op.T1.LdR2   }
gui_list_select -id Data.1 -selected  { simple_processor_testbench_add_op.T1.Run  simple_processor_testbench_add_op.T1.Resetn  simple_processor_testbench_add_op.T1.Clock  {simple_processor_testbench_add_op.T1.DIN[8:0]}  {simple_processor_testbench_add_op.T1.Bus[8:0]}  simple_processor_testbench_add_op.T1.Done  simple_processor_testbench_add_op.T1.LdR0  simple_processor_testbench_add_op.T1.LdR2  simple_processor_testbench_add_op.T1.R0out   }
gui_list_select -id Data.1 -selected  { simple_processor_testbench_add_op.T1.Run  simple_processor_testbench_add_op.T1.Resetn  simple_processor_testbench_add_op.T1.Clock  {simple_processor_testbench_add_op.T1.DIN[8:0]}  {simple_processor_testbench_add_op.T1.Bus[8:0]}  simple_processor_testbench_add_op.T1.Done  simple_processor_testbench_add_op.T1.LdR0  simple_processor_testbench_add_op.T1.LdR2  simple_processor_testbench_add_op.T1.R0out  simple_processor_testbench_add_op.T1.R2out   }
gui_list_select -id Data.1 { simple_processor_testbench_add_op.T1.Gout   }
gui_list_select -id Data.1 { simple_processor_testbench_add_op.T1.LdA   }
gui_list_select -id Data.1 { simple_processor_testbench_add_op.T1.LdG   }
gui_list_select -id Data.1 { simple_processor_testbench_add_op.T1.Add_sub   }
gui_open_window Wave
gui_list_add -id Wave.1 -from Data.1 { simple_processor_testbench_add_op.T1.Run simple_processor_testbench_add_op.T1.Resetn simple_processor_testbench_add_op.T1.Clock {simple_processor_testbench_add_op.T1.DIN[8:0]} {simple_processor_testbench_add_op.T1.Bus[8:0]} simple_processor_testbench_add_op.T1.Done simple_processor_testbench_add_op.T1.R0out simple_processor_testbench_add_op.T1.R2out simple_processor_testbench_add_op.T1.Gout simple_processor_testbench_add_op.T1.LdR0 simple_processor_testbench_add_op.T1.LdR2 simple_processor_testbench_add_op.T1.LdA simple_processor_testbench_add_op.T1.LdG simple_processor_testbench_add_op.T1.Add_sub } -insertionbar
gui_list_expand -id  Hier.1   simple_processor_testbench_add_op.T1.G2_Datapath
gui_list_select -id Hier.1 -current_item_name simple_processor_testbench_add_op.T1.G2_Datapath -current_item_type Scope  -selected  { simple_processor_testbench_add_op.T1.G2_Datapath   }
gui_list_collapse -id  Hier.1   simple_processor_testbench_add_op.T1.G2_Datapath
gui_list_select -id Data.1 -selected  { {simple_processor_testbench_add_op.T1.G2_Datapath.R0_data_out[8:0]}   }
gui_list_select -id Data.1 -selected  { {simple_processor_testbench_add_op.T1.G2_Datapath.R0_data_out[8:0]}  {simple_processor_testbench_add_op.T1.G2_Datapath.R1_data_out[8:0]}   }
gui_list_select -id Data.1 -selected  { {simple_processor_testbench_add_op.T1.G2_Datapath.R0_data_out[8:0]}   }
gui_list_select -id Data.1 -selected  { {simple_processor_testbench_add_op.T1.G2_Datapath.R0_data_out[8:0]}  {simple_processor_testbench_add_op.T1.G2_Datapath.R2_data_out[8:0]}   }
gui_list_select -id Data.1 -selected  { {simple_processor_testbench_add_op.T1.G2_Datapath.R0_data_out[8:0]}  {simple_processor_testbench_add_op.T1.G2_Datapath.R2_data_out[8:0]}  {simple_processor_testbench_add_op.T1.G2_Datapath.A_data_out[8:0]}   }
gui_list_select -id Data.1 -selected  { {simple_processor_testbench_add_op.T1.G2_Datapath.R0_data_out[8:0]}  {simple_processor_testbench_add_op.T1.G2_Datapath.R2_data_out[8:0]}  {simple_processor_testbench_add_op.T1.G2_Datapath.A_data_out[8:0]}  {simple_processor_testbench_add_op.T1.G2_Datapath.Sum[8:0]}   }
gui_list_select -id Data.1 -selected  { {simple_processor_testbench_add_op.T1.G2_Datapath.R0_data_out[8:0]}  {simple_processor_testbench_add_op.T1.G2_Datapath.R2_data_out[8:0]}  {simple_processor_testbench_add_op.T1.G2_Datapath.A_data_out[8:0]}  {simple_processor_testbench_add_op.T1.G2_Datapath.Sum[8:0]}  {simple_processor_testbench_add_op.T1.G2_Datapath.G[8:0]}   }
gui_list_add -id Wave.1 -from Data.1 { {simple_processor_testbench_add_op.T1.G2_Datapath.R0_data_out[8:0]} {simple_processor_testbench_add_op.T1.G2_Datapath.R2_data_out[8:0]} {simple_processor_testbench_add_op.T1.G2_Datapath.A_data_out[8:0]} {simple_processor_testbench_add_op.T1.G2_Datapath.Sum[8:0]} {simple_processor_testbench_add_op.T1.G2_Datapath.G[8:0]} } -insertionbar
gui_sim_continue  
gui_wv_zoom_timerange -id  Wave.1 0 445
gui_close_window -window TopLevel.2
