Chronologic VCS simulator copyright 1991-2018
Contains Synopsys proprietary information.
Compiler version O-2018.09-SP1_Full64; Runtime version O-2018.09-SP1_Full64;  May 20 09:15 2022
VCS Build Date = Nov 29 2018 20:31:24
Start run at May 20 09:15 2022
Doing SDF annotation ...... Done
VCD+ Writer O-2018.09-SP1_Full64 Copyright (c) 1991-2018 by Synopsys Inc.
The file '/home/userdata/21mvd0086/Simple_Processor_Working/Gate_Level_Synthesis/Gate_Level_Simulation/gls/inter.vpd' was opened successfully.

"saed14nm_hvt.v", 71413: Timing violation in simple_processor_testbench_mv_op.T3.G1_Controller.DINout_reg
    $hold( negedge G:16, negedge D:16, limit: 1 );


"saed14nm_hvt.v", 71413: Timing violation in simple_processor_testbench_mv_op.T3.G1_Controller.DINout_reg
    $hold( negedge G:45, negedge D:45, limit: 1 );


"saed14nm_hvt.v", 27585: Timing violation in simple_processor_testbench_mv_op.T3.G2_Datapath.Reg1.dout_reg_2_
    $hold( posedge CK:70, posedge D:70, limit: 1 );

"saed14nm_hvt.v", 27585: Timing violation in simple_processor_testbench_mv_op.T3.G2_Datapath.Reg1.dout_reg_0_
    $hold( posedge CK:70, posedge D:70, limit: 1 );

"saed14nm_hvt.v", 27585: Timing violation in simple_processor_testbench_mv_op.T3.G2_Datapath.Reg1.dout_reg_8_
    $hold( posedge CK:70, posedge D:70, limit: 1 );

"saed14nm_hvt.v", 27585: Timing violation in simple_processor_testbench_mv_op.T3.G2_Datapath.Reg1.dout_reg_7_
    $hold( posedge CK:70, posedge D:70, limit: 1 );

"saed14nm_hvt.v", 27585: Timing violation in simple_processor_testbench_mv_op.T3.G2_Datapath.Reg1.dout_reg_6_
    $hold( posedge CK:70, posedge D:70, limit: 1 );

"saed14nm_hvt.v", 27585: Timing violation in simple_processor_testbench_mv_op.T3.G2_Datapath.Reg1.dout_reg_3_
    $hold( posedge CK:70, posedge D:70, limit: 1 );

"saed14nm_hvt.v", 27585: Timing violation in simple_processor_testbench_mv_op.T3.G2_Datapath.Reg1.dout_reg_1_
    $hold( posedge CK:70, posedge D:70, limit: 1 );


"saed14nm_hvt.v", 71413: Timing violation in simple_processor_testbench_mv_op.T3.G1_Controller.DINout_reg
    $hold( negedge G:95, negedge D:95, limit: 1 );


"saed14nm_hvt.v", 27585: Timing violation in simple_processor_testbench_mv_op.T3.G2_Datapath.Reg7.dout_reg_4_
    $hold( posedge CK:120, posedge D:120, limit: 1 );

"saed14nm_hvt.v", 27585: Timing violation in simple_processor_testbench_mv_op.T3.G2_Datapath.Reg7.dout_reg_3_
    $hold( posedge CK:120, posedge D:120, limit: 1 );

"saed14nm_hvt.v", 27585: Timing violation in simple_processor_testbench_mv_op.T3.G2_Datapath.Reg7.dout_reg_1_
    $hold( posedge CK:120, posedge D:120, limit: 1 );

"saed14nm_hvt.v", 27585: Timing violation in simple_processor_testbench_mv_op.T3.G2_Datapath.Reg7.dout_reg_0_
    $hold( posedge CK:120, posedge D:120, limit: 1 );

"saed14nm_hvt.v", 27585: Timing violation in simple_processor_testbench_mv_op.T3.G2_Datapath.Reg7.dout_reg_7_
    $hold( posedge CK:120, posedge D:120, limit: 1 );

"saed14nm_hvt.v", 27585: Timing violation in simple_processor_testbench_mv_op.T3.G2_Datapath.Reg7.dout_reg_8_
    $hold( posedge CK:120, posedge D:120, limit: 1 );

"saed14nm_hvt.v", 27585: Timing violation in simple_processor_testbench_mv_op.T3.G2_Datapath.Reg7.dout_reg_6_
    $hold( posedge CK:120, posedge D:120, limit: 1 );

"saed14nm_hvt.v", 27585: Timing violation in simple_processor_testbench_mv_op.T3.G2_Datapath.Reg7.dout_reg_5_
    $hold( posedge CK:120, posedge D:120, limit: 1 );

"saed14nm_hvt.v", 27585: Timing violation in simple_processor_testbench_mv_op.T3.G2_Datapath.Reg7.dout_reg_2_
    $hold( posedge CK:120, posedge D:120, limit: 1 );


"saed14nm_hvt.v", 71413: Timing violation in simple_processor_testbench_mv_op.T3.G1_Controller.DINout_reg
    $hold( negedge G:145, negedge D:145, limit: 1 );


"saed14nm_hvt.v", 27585: Timing violation in simple_processor_testbench_mv_op.T3.G2_Datapath.Reg2.dout_reg_8_
    $hold( posedge CK:170, posedge D:170, limit: 1 );

"saed14nm_hvt.v", 27585: Timing violation in simple_processor_testbench_mv_op.T3.G2_Datapath.Reg2.dout_reg_6_
    $hold( posedge CK:170, posedge D:170, limit: 1 );

"saed14nm_hvt.v", 27585: Timing violation in simple_processor_testbench_mv_op.T3.G2_Datapath.Reg2.dout_reg_4_
    $hold( posedge CK:170, posedge D:170, limit: 1 );

"saed14nm_hvt.v", 27585: Timing violation in simple_processor_testbench_mv_op.T3.G2_Datapath.Reg2.dout_reg_2_
    $hold( posedge CK:170, posedge D:170, limit: 1 );

"saed14nm_hvt.v", 27585: Timing violation in simple_processor_testbench_mv_op.T3.G2_Datapath.Reg2.dout_reg_0_
    $hold( posedge CK:170, posedge D:170, limit: 1 );


"saed14nm_hvt.v", 71413: Timing violation in simple_processor_testbench_mv_op.T3.G1_Controller.DINout_reg
    $hold( negedge G:235, negedge D:235, limit: 1 );

           V C S   S i m u l a t i o n   R e p o r t 
Time: 420
CPU Time:      2.970 seconds;       Data structure size:   6.1Mb
Fri May 20 09:22:54 2022
