Initializing gui preferences from file  /home/userdata/21mvd0086/.synopsys_dv_prefs.tcl
dc_shell> source dc_script_processor_mvt_period_1n.tcl
Loading db file '/home/synopsys/SAED14nm_EDK/stdcell_hvt/db_nldm/saed14hvt_tt0p8v125c.db'
Loading db file '/home/synopsys/SAED14nm_EDK/stdcell_lvt/db_nldm/saed14lvt_tt0p8v125c.db'
Loading db file '/home/synopsys/SAED14nm_EDK/stdcell_rvt/db_nldm/saed14rvt_tt0p8v125c.db'
Error: Current design is not defined. (UID-4)
Error: Current design is not defined. (UID-4)
Error: Current design is not defined. (UID-4)
Loading db file '/home/synopsys/installs/syn/O-2018.06-SP4/libraries/syn/gtech.db'
Loading db file '/home/synopsys/installs/syn/O-2018.06-SP4/libraries/syn/standard.sldb'
  Loading link library 'gtech'
Loading verilog file '/home/userdata/21mvd0086/Simple_Processor_Working/Logic_Synthesis_Work_Simulate/Logic_Optimization/Logic_Optimization/SP_opti/Simple_Processor_Top_Top_Module.v'
Detecting input file type automatically (-rtl or -netlist).
Running DC verilog reader
Performing 'read' command.
Compiling source file /home/userdata/21mvd0086/Simple_Processor_Working/Logic_Synthesis_Work_Simulate/Logic_Optimization/Logic_Optimization/SP_opti/Simple_Processor_Top_Top_Module.v
Reading with netlist reader (equivalent to -netlist option).
Verilog netlist reader completed successfully.
Current design is now '/home/userdata/21mvd0086/Simple_Processor_Working/Logic_Synthesis_Work_Simulate/Logic_Optimization/Logic_Optimization/SP_opti/simple_processor_Top_Top.db:simple_processor_Top_Top'
Loaded 1 design.
Current design is 'simple_processor_Top_Top'.
Loading verilog file '/home/userdata/21mvd0086/Simple_Processor_Working/Logic_Synthesis_Work_Simulate/Logic_Optimization/Logic_Optimization/SP_opti/Simple_Processor_Top_Module.v'
Detecting input file type automatically (-rtl or -netlist).
Running DC verilog reader
Performing 'read' command.
Compiling source file /home/userdata/21mvd0086/Simple_Processor_Working/Logic_Synthesis_Work_Simulate/Logic_Optimization/Logic_Optimization/SP_opti/Simple_Processor_Top_Module.v
Reading with netlist reader (equivalent to -netlist option).
Verilog netlist reader completed successfully.
Current design is now '/home/userdata/21mvd0086/Simple_Processor_Working/Logic_Synthesis_Work_Simulate/Logic_Optimization/Logic_Optimization/SP_opti/simple_processor_Top.db:simple_processor_Top'
Loaded 1 design.
Current design is 'simple_processor_Top'.
Loading verilog file '/home/userdata/21mvd0086/Simple_Processor_Working/Logic_Synthesis_Work_Simulate/Logic_Optimization/Logic_Optimization/SP_opti/Decoders.v'
Detecting input file type automatically (-rtl or -netlist).
Reading with Presto HDL Compiler (equivalent to -rtl option).
Running PRESTO HDLC
Compiling source file /home/userdata/21mvd0086/Simple_Processor_Working/Logic_Synthesis_Work_Simulate/Logic_Optimization/Logic_Optimization/SP_opti/Decoders.v

Statistics for case statements in always block at line 5 in file
        '/home/userdata/21mvd0086/Simple_Processor_Working/Logic_Synthesis_Work_Simulate/Logic_Optimization/Logic_Optimization/SP_opti/Decoders.v'
===============================================
|           Line           |  full/ parallel  |
===============================================
|            7             |    auto/auto     |
===============================================
Presto compilation completed successfully.
Current design is now '/home/userdata/21mvd0086/Simple_Processor_Working/Logic_Synthesis_Work_Simulate/Logic_Optimization/Logic_Optimization/SP_opti/dec3to8.db:dec3to8'
Loaded 2 designs.
Current design is 'dec3to8'.
Loading verilog file '/home/userdata/21mvd0086/Simple_Processor_Working/Logic_Synthesis_Work_Simulate/Logic_Optimization/Logic_Optimization/SP_opti/controller_12_april.v'
Detecting input file type automatically (-rtl or -netlist).
Reading with Presto HDL Compiler (equivalent to -rtl option).
Running PRESTO HDLC
Compiling source file /home/userdata/21mvd0086/Simple_Processor_Working/Logic_Synthesis_Work_Simulate/Logic_Optimization/Logic_Optimization/SP_opti/controller_12_april.v

Statistics for case statements in always block at line 55 in file
        '/home/userdata/21mvd0086/Simple_Processor_Working/Logic_Synthesis_Work_Simulate/Logic_Optimization/Logic_Optimization/SP_opti/controller_12_april.v'
===============================================
|           Line           |  full/ parallel  |
===============================================
|            57            |    auto/auto     |
|            61            |    auto/auto     |
|            71            |    auto/auto     |
|            80            |    auto/auto     |
===============================================

Statistics for case statements in always block at line 92 in file
        '/home/userdata/21mvd0086/Simple_Processor_Working/Logic_Synthesis_Work_Simulate/Logic_Optimization/Logic_Optimization/SP_opti/controller_12_april.v'
===============================================
|           Line           |  full/ parallel  |
===============================================
|            94            |    auto/auto     |
===============================================

Inferred memory devices in process
        in routine controller_new line 37 in file
                '/home/userdata/21mvd0086/Simple_Processor_Working/Logic_Synthesis_Work_Simulate/Logic_Optimization/Logic_Optimization/SP_opti/controller_12_april.v'.
===============================================================================
|    Register Name    |   Type    | Width | Bus | MB | AR | AS | SR | SS | ST |
===============================================================================
|       PS_reg        | Flip-flop |   4   |  Y  | N  | N  | N  | N  | N  | N  |
===============================================================================

Inferred memory devices in process
        in routine controller_new line 46 in file
                '/home/userdata/21mvd0086/Simple_Processor_Working/Logic_Synthesis_Work_Simulate/Logic_Optimization/Logic_Optimization/SP_opti/controller_12_april.v'.
===============================================================================
|    Register Name    |   Type    | Width | Bus | MB | AR | AS | SR | SS | ST |
===============================================================================
|     opcode_reg      | Flip-flop |   3   |  Y  | N  | N  | N  | N  | N  | N  |
===============================================================================

Inferred memory devices in process
        in routine controller_new line 92 in file
                '/home/userdata/21mvd0086/Simple_Processor_Working/Logic_Synthesis_Work_Simulate/Logic_Optimization/Logic_Optimization/SP_opti/controller_12_april.v'.
===========================================================================
|    Register Name    | Type  | Width | Bus | MB | AR | AS | SR | SS | ST |
===========================================================================
|      R7out_reg      | Latch |   1   |  N  | N  | N  | N  | -  | -  | -  |
|      R5out_reg      | Latch |   1   |  N  | N  | N  | N  | -  | -  | -  |
|      IRin_reg       | Latch |   1   |  N  | N  | N  | N  | -  | -  | -  |
|       LdG_reg       | Latch |   1   |  N  | N  | N  | N  | -  | -  | -  |
|       LdA_reg       | Latch |   1   |  N  | N  | N  | N  | -  | -  | -  |
|      LdR7_reg       | Latch |   1   |  N  | N  | N  | N  | -  | -  | -  |
|      LdR6_reg       | Latch |   1   |  N  | N  | N  | N  | -  | -  | -  |
|      LdR5_reg       | Latch |   1   |  N  | N  | N  | N  | -  | -  | -  |
|      LdR4_reg       | Latch |   1   |  N  | N  | N  | N  | -  | -  | -  |
|      LdR3_reg       | Latch |   1   |  N  | N  | N  | N  | -  | -  | -  |
|      LdR2_reg       | Latch |   1   |  N  | N  | N  | N  | -  | -  | -  |
|      LdR1_reg       | Latch |   1   |  N  | N  | N  | N  | -  | -  | -  |
|      LdR0_reg       | Latch |   1   |  N  | N  | N  | N  | -  | -  | -  |
|      R6out_reg      | Latch |   1   |  N  | N  | N  | N  | -  | -  | -  |
|      Gout_reg       | Latch |   1   |  N  | N  | N  | N  | -  | -  | -  |
|       IR_reg        | Latch |   9   |  Y  | N  | N  | N  | -  | -  | -  |
|      Done_reg       | Latch |   1   |  N  | N  | N  | N  | -  | -  | -  |
|     Add_sub_reg     | Latch |   1   |  N  | N  | N  | N  | -  | -  | -  |
|     DINout_reg      | Latch |   1   |  N  | N  | N  | N  | -  | -  | -  |
|      R0out_reg      | Latch |   1   |  N  | N  | N  | N  | -  | -  | -  |
|      R1out_reg      | Latch |   1   |  N  | N  | N  | N  | -  | -  | -  |
|      R2out_reg      | Latch |   1   |  N  | N  | N  | N  | -  | -  | -  |
|      R3out_reg      | Latch |   1   |  N  | N  | N  | N  | -  | -  | -  |
|      R4out_reg      | Latch |   1   |  N  | N  | N  | N  | -  | -  | -  |
===========================================================================
Presto compilation completed successfully.
Current design is now '/home/userdata/21mvd0086/Simple_Processor_Working/Logic_Synthesis_Work_Simulate/Logic_Optimization/Logic_Optimization/SP_opti/controller_new.db:controller_new'
Loaded 1 design.
Current design is 'controller_new'.
Loading verilog file '/home/userdata/21mvd0086/Simple_Processor_Working/Logic_Synthesis_Work_Simulate/Logic_Optimization/Logic_Optimization/SP_opti/Datapath_path_work_version_2.v'
Detecting input file type automatically (-rtl or -netlist).
Reading with Presto HDL Compiler (equivalent to -rtl option).
Running PRESTO HDLC
Compiling source file /home/userdata/21mvd0086/Simple_Processor_Working/Logic_Synthesis_Work_Simulate/Logic_Optimization/Logic_Optimization/SP_opti/Datapath_path_work_version_2.v

Inferred memory devices in process
        in routine mux_10to1 line 43 in file
                '/home/userdata/21mvd0086/Simple_Processor_Working/Logic_Synthesis_Work_Simulate/Logic_Optimization/Logic_Optimization/SP_opti/Datapath_path_work_version_2.v'.
===========================================================================
|    Register Name    | Type  | Width | Bus | MB | AR | AS | SR | SS | ST |
===========================================================================
|       Bus_reg       | Latch |   9   |  Y  | N  | N  | N  | -  | -  | -  |
===========================================================================

Inferred memory devices in process
        in routine Register line 77 in file
                '/home/userdata/21mvd0086/Simple_Processor_Working/Logic_Synthesis_Work_Simulate/Logic_Optimization/Logic_Optimization/SP_opti/Datapath_path_work_version_2.v'.
===============================================================================
|    Register Name    |   Type    | Width | Bus | MB | AR | AS | SR | SS | ST |
===============================================================================
|      dout_reg       | Flip-flop |   9   |  Y  | N  | N  | N  | N  | N  | N  |
===============================================================================

Inferred memory devices in process
        in routine reg_G line 106 in file
                '/home/userdata/21mvd0086/Simple_Processor_Working/Logic_Synthesis_Work_Simulate/Logic_Optimization/Logic_Optimization/SP_opti/Datapath_path_work_version_2.v'.
===============================================================================
|    Register Name    |   Type    | Width | Bus | MB | AR | AS | SR | SS | ST |
===============================================================================
|        Z_reg        | Flip-flop |   9   |  Y  | N  | N  | N  | N  | N  | N  |
===============================================================================
Presto compilation completed successfully.
Current design is now '/home/userdata/21mvd0086/Simple_Processor_Working/Logic_Synthesis_Work_Simulate/Logic_Optimization/Logic_Optimization/SP_opti/datapath_register_array.db:datapath_register_array'
Loaded 12 designs.
Current design is 'datapath_register_array'.
Current design is 'simple_processor_Top_Top'.
Using operating conditions 'tt0p8v125c' found in library 'saed14hvt_tt0p8v125c'.

  Linking design 'simple_processor_Top_Top'
  Using the following designs and libraries:
  --------------------------------------------------------------------------
  saed14hvt_tt0p8v125c (library) /home/synopsys/SAED14nm_EDK/stdcell_hvt/db_nldm/saed14hvt_tt0p8v125c.db
  saed14lvt_tt0p8v125c (library) /home/synopsys/SAED14nm_EDK/stdcell_lvt/db_nldm/saed14lvt_tt0p8v125c.db
  saed14rvt_tt0p8v125c (library) /home/synopsys/SAED14nm_EDK/stdcell_rvt/db_nldm/saed14rvt_tt0p8v125c.db

Writing verilog file '/home/userdata/21mvd0086/Simple_Processor_Working/Logic_Synthesis_Work_Simulate/Logic_Optimization/Logic_Optimization/SP_opti/Simple_Processor_gtech.vs'.
 
****************************************
check_design summary:
Version:     O-2018.06-SP4
Date:        Thu May  5 14:45:23 2022
****************************************

                   Name                                            Total
--------------------------------------------------------------------------------
Inputs/Outputs                                                      6
    Feedthrough (LINT-29)                                           3
    Shorted outputs (LINT-31)                                       1
    Constant outputs (LINT-52)                                      2

Cells                                                               2
    Connected to power or ground (LINT-32)                          2

Nets                                                                1
    Unloaded nets (LINT-2)                                          1
--------------------------------------------------------------------------------

Warning: In design 'simple_processor_Top_Top', net 'G8/G2_Datapath/add_top/Cout' driven by pin 'G8/G2_Datapath/add_top/add1/cout' has no loads. (LINT-2)
Warning: In design 'dec3to8_3bit', input port 'W[2]' is connected directly to output port 'Y[2]'. (LINT-29)
Warning: In design 'dec3to8_3bit', input port 'W[1]' is connected directly to output port 'Y[1]'. (LINT-29)
Warning: In design 'dec3to8_3bit', input port 'W[0]' is connected directly to output port 'Y[0]'. (LINT-29)
Warning: In design 'dec3to8', output port 'Y[1]' is connected directly to output port 'Y[0]'. (LINT-31)
Warning: In design 'carry_select_adder_4bit_slice', a pin on submodule 'rca1' is connected to logic 1 or logic 0. (LINT-32)
   Pin 'cin' is connected to logic 0. 
Warning: In design 'carry_select_adder_4bit_slice', a pin on submodule 'rca2' is connected to logic 1 or logic 0. (LINT-32)
   Pin 'cin' is connected to logic 1. 
Warning: In design 'dec3to8', output port 'Y[1]' is connected directly to 'logic 0'. (LINT-52)
Warning: In design 'dec3to8', output port 'Y[0]' is connected directly to 'logic 0'. (LINT-52)
Warning: Design rule attributes from the driving cell will be
        set on the port. (UID-401)
Warning: Design rule attributes from the driving cell will be
        set on the port. (UID-401)
Warning: Design rule attributes from the driving cell will be
        set on the port. (UID-401)
Warning: Design rule attributes from the driving cell will be
        set on the port. (UID-401)
Warning: Design rule attributes from the driving cell will be
        set on the port. (UID-401)
Warning: Design rule attributes from the driving cell will be
        set on the port. (UID-401)
Warning: Design rule attributes from the driving cell will be
        set on the port. (UID-401)
Warning: Design rule attributes from the driving cell will be
        set on the port. (UID-401)
Warning: Design rule attributes from the driving cell will be
        set on the port. (UID-401)
Warning: Design rule attributes from the driving cell will be
        set on the port. (UID-401)
Warning: Design rule attributes from the driving cell will be
        set on the port. (UID-401)
Current design is 'simple_processor_Top_Top'.
Current design is 'simple_processor_Top_Top'.
Current design is 'simple_processor_Top_Top'.
Information: Updating graph... (UID-83)
Information: Updating design information... (UID-85)

Information: Checking generated_clocks...

Information: Checking loops...

Information: Checking no_input_delay...

Information: Checking unconstrained_endpoints...

Warning: The following end-points are not constrained for maximum delay.

End point
---------------
Bus[0]
Bus[1]
Bus[2]
Bus[3]
Bus[4]
Bus[5]
Bus[6]
Bus[7]
Bus[8]
Done
G8/G1_Controller/Add_sub_reg/data_in
G8/G1_Controller/DINout_reg/data_in
G8/G1_Controller/Done_reg/data_in
G8/G1_Controller/Gout_reg/data_in
G8/G1_Controller/IR_reg[0]/data_in
G8/G1_Controller/IR_reg[1]/data_in
G8/G1_Controller/IR_reg[2]/data_in
G8/G1_Controller/IR_reg[3]/data_in
G8/G1_Controller/IR_reg[4]/data_in
G8/G1_Controller/IR_reg[5]/data_in
G8/G1_Controller/IR_reg[6]/data_in
G8/G1_Controller/IR_reg[7]/data_in
G8/G1_Controller/IR_reg[8]/data_in
G8/G1_Controller/IRin_reg/data_in
G8/G1_Controller/LdA_reg/data_in
G8/G1_Controller/LdG_reg/data_in
G8/G1_Controller/LdR0_reg/data_in
G8/G1_Controller/LdR1_reg/data_in
G8/G1_Controller/LdR2_reg/data_in
G8/G1_Controller/LdR3_reg/data_in
G8/G1_Controller/LdR4_reg/data_in
G8/G1_Controller/LdR5_reg/data_in
G8/G1_Controller/LdR6_reg/data_in
G8/G1_Controller/LdR7_reg/data_in
G8/G1_Controller/R0out_reg/data_in
G8/G1_Controller/R1out_reg/data_in
G8/G1_Controller/R2out_reg/data_in
G8/G1_Controller/R3out_reg/data_in
G8/G1_Controller/R4out_reg/data_in
G8/G1_Controller/R5out_reg/data_in
G8/G1_Controller/R6out_reg/data_in
G8/G1_Controller/R7out_reg/data_in
G8/G1_Controller/opcode_reg[0]/next_state
G8/G1_Controller/opcode_reg[0]/synch_enable
G8/G1_Controller/opcode_reg[1]/next_state
G8/G1_Controller/opcode_reg[1]/synch_enable
G8/G1_Controller/opcode_reg[2]/next_state
G8/G1_Controller/opcode_reg[2]/synch_enable
G8/G2_Datapath/m1/Bus_reg[0]/data_in
G8/G2_Datapath/m1/Bus_reg[1]/data_in
G8/G2_Datapath/m1/Bus_reg[2]/data_in
G8/G2_Datapath/m1/Bus_reg[3]/data_in
G8/G2_Datapath/m1/Bus_reg[4]/data_in
G8/G2_Datapath/m1/Bus_reg[5]/data_in
G8/G2_Datapath/m1/Bus_reg[6]/data_in
G8/G2_Datapath/m1/Bus_reg[7]/data_in
G8/G2_Datapath/m1/Bus_reg[8]/data_in

Information: Checking pulse_clock_cell_type...

Information: Checking no_driving_cell...

Information: Checking partial_input_delay...
Warning: There are 926 objects not found during annotation. (PWR-452)
Loading db file '/home/synopsys/installs/syn/O-2018.06-SP4/libraries/syn/dw_foundation.sldb'
Information: Failed to find dw_foundation.sldb in the user defined search_path, load it from 'Synopsys Root'. (UISN-70)
Warning: DesignWare synthetic library dw_foundation.sldb is added to the synthetic_library in the current command. (UISN-40)
Information: Performing power optimization. (PWR-850)
Alib files are up-to-date.
Information: Failed to find dw_foundation.sldb in the user defined search_path, load it from 'Synopsys Root'. (UISN-70)
Warning: DesignWare synthetic library dw_foundation.sldb is added to the synthetic_library in the current command. (UISN-40)
Information: Evaluating DesignWare library utilization. (UISN-27)

============================================================================
| DesignWare Building Block Library  |         Version         | Available |
============================================================================
| Basic DW Building Blocks           | O-2018.06-DWBB_201806.4 |     *     |
| Licensed DW Building Blocks        | O-2018.06-DWBB_201806.4 |     *     |
============================================================================

Information: Sequential output inversion is enabled.  SVF file must be used for formal verification. (OPT-1208)

Information: There are 9 potential problems in your design. Please run 'check_design' for more information. (LINT-99)

Information: Uniquified 2 instances of design 'dec3to8'. (OPT-1056)
Information: Uniquified 9 instances of design 'Register'. (OPT-1056)
Information: Uniquified 2 instances of design 'carry_select_adder_4bit_slice'. (OPT-1056)
Information: Uniquified 2 instances of design 'mux2X1'. (OPT-1056)
Information: Uniquified 2 instances of design 'mux2X1_1'. (OPT-1056)
Information: Uniquified 4 instances of design 'ripple_carry_4_bit'. (OPT-1056)
Information: Uniquified 17 instances of design 'full_adder'. (OPT-1056)
Information: Uniquified 34 instances of design 'half_adder'. (OPT-1056)
  Simplifying Design 'simple_processor_Top_Top'

Warning: No single bit degenerate for multibit library cell 'SAEDHVT14_FSDN4_V2_4'. (OPT-914)
Warning: No single bit degenerate for multibit library cell 'SAEDHVT14_FSDN4_V2_2'. (OPT-914)
Warning: No single bit degenerate for multibit library cell 'SAEDHVT14_FSDN4_V2_1'. (OPT-914)
Warning: No single bit degenerate for multibit library cell 'SAEDHVT14_FSDN4_V2_0P5'. (OPT-914)
Warning: No single bit degenerate for multibit library cell 'SAEDHVT14_FSDN2_V2_4'. (OPT-914)
Warning: No single bit degenerate for multibit library cell 'SAEDHVT14_FSDN2_V2_2'. (OPT-914)
Warning: No single bit degenerate for multibit library cell 'SAEDHVT14_FSDN2_V2_1'. (OPT-914)
Warning: No single bit degenerate for multibit library cell 'SAEDHVT14_FSDN2_V2_0P5'. (OPT-914)
Warning: No single bit degenerate for multibit library cell 'SAEDLVT14_FSDN4_V2_4'. (OPT-914)
Warning: No single bit degenerate for multibit library cell 'SAEDLVT14_FSDN4_V2_2'. (OPT-914)
Warning: No single bit degenerate for multibit library cell 'SAEDLVT14_FSDN4_V2_1'. (OPT-914)
Warning: No single bit degenerate for multibit library cell 'SAEDLVT14_FSDN4_V2_0P5'. (OPT-914)
Warning: No single bit degenerate for multibit library cell 'SAEDLVT14_FSDN2_V2_4'. (OPT-914)
Warning: No single bit degenerate for multibit library cell 'SAEDLVT14_FSDN2_V2_2'. (OPT-914)
Warning: No single bit degenerate for multibit library cell 'SAEDLVT14_FSDN2_V2_1'. (OPT-914)
Warning: No single bit degenerate for multibit library cell 'SAEDLVT14_FSDN2_V2_0P5'. (OPT-914)
Warning: No single bit degenerate for multibit library cell 'SAEDRVT14_FSDN4_V2_4'. (OPT-914)
Warning: No single bit degenerate for multibit library cell 'SAEDRVT14_FSDN4_V2_2'. (OPT-914)
Warning: No single bit degenerate for multibit library cell 'SAEDRVT14_FSDN4_V2_1'. (OPT-914)
Warning: No single bit degenerate for multibit library cell 'SAEDRVT14_FSDN4_V2_0P5'. (OPT-914)
Warning: No single bit degenerate for multibit library cell 'SAEDRVT14_FSDN2_V2_4'. (OPT-914)
Warning: No single bit degenerate for multibit library cell 'SAEDRVT14_FSDN2_V2_2'. (OPT-914)
Warning: No single bit degenerate for multibit library cell 'SAEDRVT14_FSDN2_V2_1'. (OPT-914)
Warning: No single bit degenerate for multibit library cell 'SAEDRVT14_FSDN2_V2_0P5'. (OPT-914)
Loaded alib file './alib-52/saed14hvt_tt0p8v125c.db.alib'
Loaded alib file './alib-52/saed14lvt_tt0p8v125c.db.alib'
Loaded alib file './alib-52/saed14rvt_tt0p8v125c.db.alib' (placeholder)
Information: State dependent leakage is now switched from on to off.

  Beginning Pass 1 Mapping
  ------------------------
  Processing 'controller_new'
  Processing 'mux_10to1'
  Processing 'datapath_register_array'
  Processing 'Register_0'
  Processing 'reg_G'
  Processing 'dec3to8_0'
  Processing 'simple_processor_Top'
  Processing 'simple_processor_Top_Top'
  Processing 'Add_Sub'
  Processing 'carry_select_adder_4bit_slice_1'
  Processing 'carry_select_adder_4bit_slice_0'
  Processing 'csa_9bit'
  Processing 'ripple_carry_4_bit_0'
  Processing 'ripple_carry_4_bit_1'
  Processing 'ripple_carry_4_bit_2'
  Processing 'ripple_carry_4_bit_3'
  Processing 'mux2X1_0'
  Processing 'full_adder_1'
  Processing 'full_adder_3'
  Processing 'full_adder_7'
  Processing 'full_adder_0'
  Processing 'half_adder_2'
  Processing 'half_adder_6'
  Processing 'mux2X1_1_1'
  Processing 'half_adder_0'
  Processing 'half_adder_14'
  Processing 'dec3to8_3bit'
  Processing 'mux2X1_1_0'

  Updating timing information
Information: Updating design information... (UID-85)
Information: The library cell 'SAEDHVT14_TIE1_PV1ECO_1' in the library 'saed14hvt_tt0p8v125c' is not characterized for internal power. (PWR-536)
Information: The library cell 'SAEDHVT14_TIE0_PV1ECO_1' in the library 'saed14hvt_tt0p8v125c' is not characterized for internal power. (PWR-536)
Information: The library cell 'SAEDHVT14_TIE1_V1ECO_1' in the library 'saed14hvt_tt0p8v125c' is not characterized for internal power. (PWR-536)
Information: The library cell 'SAEDHVT14_TIE1_V1_2' in the library 'saed14hvt_tt0p8v125c' is not characterized for internal power. (PWR-536)
Information: The library cell 'SAEDHVT14_TIE1_4' in the library 'saed14hvt_tt0p8v125c' is not characterized for internal power. (PWR-536)
Information: The library cell 'SAEDHVT14_TIE0_V1_2' in the library 'saed14hvt_tt0p8v125c' is not characterized for internal power. (PWR-536)
Information: The library cell 'SAEDHVT14_TIE0_4' in the library 'saed14hvt_tt0p8v125c' is not characterized for internal power. (PWR-536)
Information: The library cell 'SAEDLVT14_TIE1_PV1ECO_1' in the library 'saed14lvt_tt0p8v125c' is not characterized for internal power. (PWR-536)
Information: The library cell 'SAEDLVT14_TIE0_PV1ECO_1' in the library 'saed14lvt_tt0p8v125c' is not characterized for internal power. (PWR-536)
Information: The library cell 'SAEDLVT14_TIE1_V1ECO_1' in the library 'saed14lvt_tt0p8v125c' is not characterized for internal power. (PWR-536)
Information: The library cell 'SAEDLVT14_TIE1_V1_2' in the library 'saed14lvt_tt0p8v125c' is not characterized for internal power. (PWR-536)
Information: The library cell 'SAEDLVT14_TIE1_4' in the library 'saed14lvt_tt0p8v125c' is not characterized for internal power. (PWR-536)
Information: The library cell 'SAEDLVT14_TIE0_V1_2' in the library 'saed14lvt_tt0p8v125c' is not characterized for internal power. (PWR-536)
Information: The library cell 'SAEDLVT14_TIE0_4' in the library 'saed14lvt_tt0p8v125c' is not characterized for internal power. (PWR-536)
Information: The library cell 'SAEDRVT14_TIE1_PV1ECO_1' in the library 'saed14rvt_tt0p8v125c' is not characterized for internal power. (PWR-536)
Information: The library cell 'SAEDRVT14_TIE0_PV1ECO_1' in the library 'saed14rvt_tt0p8v125c' is not characterized for internal power. (PWR-536)
Information: The library cell 'SAEDRVT14_TIE1_V1ECO_1' in the library 'saed14rvt_tt0p8v125c' is not characterized for internal power. (PWR-536)
Information: The library cell 'SAEDRVT14_TIE1_V1_2' in the library 'saed14rvt_tt0p8v125c' is not characterized for internal power. (PWR-536)
Information: The library cell 'SAEDRVT14_TIE1_4' in the library 'saed14rvt_tt0p8v125c' is not characterized for internal power. (PWR-536)
Information: The library cell 'SAEDRVT14_TIE0_V1_2' in the library 'saed14rvt_tt0p8v125c' is not characterized for internal power. (PWR-536)
Information: The library cell 'SAEDRVT14_TIE0_4' in the library 'saed14rvt_tt0p8v125c' is not characterized for internal power. (PWR-536)
Information: The target library(s) contains cell(s), other than black boxes, that are not characterized for internal power. (PWR-24)
Information: Removing unused design 'mux2X1_1_0'. (OPT-1055)

Threshold voltage group cell usage:
>> HVt 100.00%, LVt 0.00%

  Beginning Mapping Optimizations  (Ultra High effort)
  -------------------------------
Information: compile falsified 96 infeasible paths. (OPT-1720)
  Mapping Optimization (Phase 1)

Threshold voltage group cell usage:
>> HVt 99.64%, LVt 0.36%

  Beginning Constant Register Removal
  -----------------------------------

Threshold voltage group cell usage:
>> HVt 99.64%, LVt 0.36%

  Beginning Global Optimizations
  ------------------------------
  Numerical Synthesis (Phase 1)
  Numerical Synthesis (Phase 2)
  Global Optimization (Phase 1)
  Global Optimization (Phase 2)
  Global Optimization (Phase 3)
  Global Optimization (Phase 4)
  Global Optimization (Phase 5)
  Global Optimization (Phase 6)
  Global Optimization (Phase 7)
  Global Optimization (Phase 8)
  Global Optimization (Phase 9)
  Global Optimization (Phase 10)
  Global Optimization (Phase 11)
  Global Optimization (Phase 12)
  Global Optimization (Phase 13)
  Global Optimization (Phase 14)
  Global Optimization (Phase 15)
  Global Optimization (Phase 16)
  Global Optimization (Phase 17)
  Global Optimization (Phase 18)
  Global Optimization (Phase 19)
  Global Optimization (Phase 20)
  Global Optimization (Phase 21)
  Global Optimization (Phase 22)
  Global Optimization (Phase 23)
  Global Optimization (Phase 24)
  Global Optimization (Phase 25)
  Global Optimization (Phase 26)
  Global Optimization (Phase 27)
  Global Optimization (Phase 28)
  Global Optimization (Phase 29)
  Global Optimization (Phase 30)

Threshold voltage group cell usage:
>> HVt 100.00%, LVt 0.00%

  Beginning Isolate Ports
  -----------------------

Threshold voltage group cell usage:
>> HVt 100.00%, LVt 0.00%

  Beginning Delay Optimization
  ----------------------------

                                  TOTAL                                                
   ELAPSED            WORST NEG   SETUP    DESIGN                              LEAKAGE 
    TIME      AREA      SLACK     COST    RULE COST         ENDPOINT            POWER  
  --------- --------- --------- --------- --------- ------------------------- ---------
    0:01:54     259.7      0.00       0.0       0.0                           2915707.7500
    0:01:54     259.7      0.00       0.0       0.0                           2915707.7500
    0:01:54     259.7      0.00       0.0       0.0                           2915707.7500
    0:01:54     259.7      0.00       0.0       0.0                           2915707.7500

Threshold voltage group cell usage:
>> HVt 100.00%, LVt 0.00%

  Beginning WLM Backend Optimization
  --------------------------------------

Threshold voltage group cell usage:
>> HVt 97.93%, LVt 0.00%, undefined 2.07%

  Beginning Delay Optimization HSVT Pass
  --------------------------------------
    0:02:12     261.2      0.00       0.0       0.0                           2873454.5000
    0:02:12     261.2      0.00       0.0       0.0                           2873454.5000
    0:02:12     261.2      0.00       0.0       0.0                           2873454.5000
    0:02:12     261.2      0.00       0.0       0.0                           2873454.5000
    0:02:20     261.2      0.00       0.0       0.0                           2873454.5000
    0:02:20     261.2      0.00       0.0       0.0                           2873454.5000
    0:02:20     261.2      0.00       0.0       0.0                           2873454.5000
    0:02:20     261.2      0.00       0.0       0.0                           2873454.5000
    0:02:31     261.2      0.00       0.0       0.0                           2873454.5000
    0:02:33     260.1      0.00       0.0       0.0                           2701775.5000
    0:02:33     260.1      0.00       0.0       0.0                           2701775.5000
    0:02:33     260.1      0.00       0.0       0.0                           2701775.5000
    0:02:33     260.1      0.00       0.0       0.0                           2701775.5000
    0:02:33     260.1      0.00       0.0       0.0                           2701775.5000
    0:02:33     260.1      0.00       0.0       0.0                           2701775.5000
    0:02:33     260.1      0.00       0.0       0.0                           2701775.5000
    0:02:33     260.1      0.00       0.0       0.0                           2701775.5000
    0:02:33     260.1      0.00       0.0       0.0                           2701775.5000
    0:02:33     260.1      0.00       0.0       0.0                           2701775.5000
    0:02:33     260.1      0.00       0.0       0.0                           2701775.5000

Threshold voltage group cell usage:
>> HVt 98.68%, LVt 0.00%, undefined 1.32%

  Beginning Delay Optimization
  ----------------------------
    0:02:33     260.1      0.00       0.0       0.0                           2701775.5000
    0:02:33     260.1      0.00       0.0       0.0                           2701775.5000
    0:02:33     260.1      0.00       0.0       0.0                           2701775.5000
    0:02:33     260.1      0.00       0.0       0.0                           2701775.5000
    0:02:33     260.1      0.00       0.0       0.0                           2701775.5000
    0:02:33     260.1      0.00       0.0       0.0                           2701775.5000
    0:02:33     260.1      0.00       0.0       0.0                           2701775.5000
    0:02:33     260.1      0.00       0.0       0.0                           2701775.5000
    0:02:34     260.1      0.00       0.0       0.0                           2701775.5000
    0:02:34     260.1      0.00       0.0       0.0                           2701775.5000

Threshold voltage group cell usage:
>> HVt 98.68%, LVt 0.00%, undefined 1.32%


  Beginning Leakage Power Optimization  (max_leakage_power 0)
  ------------------------------------

                                  TOTAL                                                
   ELAPSED            WORST NEG   SETUP    DESIGN                              LEAKAGE 
    TIME      AREA      SLACK     COST    RULE COST         ENDPOINT            POWER  
  --------- --------- --------- --------- --------- ------------------------- ---------
    0:02:34     260.1      0.00       0.0       0.0                           2701775.5000
  Global Optimization (Phase 31)
  Global Optimization (Phase 32)
  Global Optimization (Phase 33)
  Global Optimization (Phase 34)
  Global Optimization (Phase 35)
  Global Optimization (Phase 36)
  Global Optimization (Phase 37)
  Global Optimization (Phase 38)
  Global Optimization (Phase 39)
  Global Optimization (Phase 40)
  Global Optimization (Phase 41)
  Global Optimization (Phase 42)
    0:02:35     261.1      0.00       0.0       0.0                           2425854.7500
    0:02:35     261.1      0.00       0.0       0.0                           2425854.7500
    0:02:35     261.1      0.00       0.0       0.0                           2425854.7500
    0:02:36     261.1      0.00       0.0       0.0                           2423850.2500
    0:02:37     261.1      0.00       0.0       0.0                           2423850.2500
    0:02:37     261.1      0.00       0.0       0.0                           2423850.2500
    0:02:37     261.1      0.00       0.0       0.0                           2423850.2500
    0:02:37     261.1      0.00       0.0       0.0                           2423850.2500
    0:02:37     261.1      0.00       0.0       0.0                           2423850.2500
    0:02:37     261.1      0.00       0.0       0.0                           2423850.2500
    0:02:37     261.1      0.00       0.0       0.0                           2423850.2500
    0:02:37     261.1      0.00       0.0       0.0                           2423850.2500
    0:02:37     261.1      0.00       0.0       0.0                           2423850.2500
    0:02:37     261.1      0.00       0.0       0.0                           2423850.2500
    0:02:37     261.1      0.00       0.0       0.0                           2423850.2500
    0:02:37     261.1      0.00       0.0       0.0                           2423850.2500
    0:02:37     261.1      0.00       0.0       0.0                           2423850.2500
    0:02:37     261.1      0.00       0.0       0.0                           2423850.2500
    0:02:37     261.1      0.00       0.0       0.0                           2423850.2500
    0:02:37     261.1      0.00       0.0       0.0                           2423850.2500
    0:02:37     261.1      0.00       0.0       0.0                           2423850.2500
    0:02:37     261.1      0.00       0.0       0.0                           2423850.2500

                                  TOTAL                                                
   ELAPSED            WORST NEG   SETUP    DESIGN                              LEAKAGE 
    TIME      AREA      SLACK     COST    RULE COST         ENDPOINT            POWER  
  --------- --------- --------- --------- --------- ------------------------- ---------
    0:02:37     261.1      0.00       0.0       0.0                           2606260.2500
    0:02:39     256.9      0.00       0.0       0.0                           2324256.7500
    0:02:39     256.9      0.00       0.0       0.0                           2324256.7500
    0:02:39     256.9      0.00       0.0       0.0                           2324256.7500
    0:02:41     256.9      0.00       0.0       0.0                           2308461.7500

Threshold voltage group cell usage:
>> HVt 95.11%, LVt 0.00%, undefined 4.89%

  Beginning Delay Optimization HSVT Pass
  --------------------------------------
    0:02:46     256.9      0.00       0.0       0.0                           2308461.7500
    0:02:46     256.9      0.00       0.0       0.0                           2308461.7500
    0:02:46     256.9      0.00       0.0       0.0                           2308461.7500
    0:02:46     256.9      0.00       0.0       0.0                           2308461.7500
    0:02:55     256.9      0.00       0.0       0.0                           2308461.7500
    0:02:55     256.9      0.00       0.0       0.0                           2308461.7500
    0:02:55     256.9      0.00       0.0       0.0                           2308461.7500
    0:02:55     256.9      0.00       0.0       0.0                           2308461.7500
    0:03:06     256.9      0.00       0.0       0.0                           2308055.7500
    0:03:06     256.9      0.00       0.0       0.0                           2308055.7500
    0:03:07     259.6      0.00       0.0       0.0                           2559221.7500
    0:03:07     259.6      0.00       0.0       0.0                           2559221.7500
Loading db file '/home/synopsys/SAED14nm_EDK/stdcell_hvt/db_nldm/saed14hvt_tt0p8v125c.db'
Loading db file '/home/synopsys/SAED14nm_EDK/stdcell_lvt/db_nldm/saed14lvt_tt0p8v125c.db'
Loading db file '/home/synopsys/SAED14nm_EDK/stdcell_rvt/db_nldm/saed14rvt_tt0p8v125c.db'


Note: Symbol # after min delay cost means estimated hold TNS across all active scenarios 


  Optimization Complete
  ---------------------
Warning: No single bit degenerate for multibit library cell 'SAEDHVT14_FSDN4_V2_4'. (OPT-914)
Warning: No single bit degenerate for multibit library cell 'SAEDHVT14_FSDN4_V2_2'. (OPT-914)
Warning: No single bit degenerate for multibit library cell 'SAEDHVT14_FSDN4_V2_1'. (OPT-914)
Warning: No single bit degenerate for multibit library cell 'SAEDHVT14_FSDN4_V2_0P5'. (OPT-914)
Warning: No single bit degenerate for multibit library cell 'SAEDHVT14_FSDN2_V2_4'. (OPT-914)
Warning: No single bit degenerate for multibit library cell 'SAEDHVT14_FSDN2_V2_2'. (OPT-914)
Warning: No single bit degenerate for multibit library cell 'SAEDHVT14_FSDN2_V2_1'. (OPT-914)
Warning: No single bit degenerate for multibit library cell 'SAEDHVT14_FSDN2_V2_0P5'. (OPT-914)
Warning: No single bit degenerate for multibit library cell 'SAEDLVT14_FSDN4_V2_4'. (OPT-914)
Warning: No single bit degenerate for multibit library cell 'SAEDLVT14_FSDN4_V2_2'. (OPT-914)
Warning: No single bit degenerate for multibit library cell 'SAEDLVT14_FSDN4_V2_1'. (OPT-914)
Warning: No single bit degenerate for multibit library cell 'SAEDLVT14_FSDN4_V2_0P5'. (OPT-914)
Warning: No single bit degenerate for multibit library cell 'SAEDLVT14_FSDN2_V2_4'. (OPT-914)
Warning: No single bit degenerate for multibit library cell 'SAEDLVT14_FSDN2_V2_2'. (OPT-914)
Warning: No single bit degenerate for multibit library cell 'SAEDLVT14_FSDN2_V2_1'. (OPT-914)
Warning: No single bit degenerate for multibit library cell 'SAEDLVT14_FSDN2_V2_0P5'. (OPT-914)
Warning: No single bit degenerate for multibit library cell 'SAEDRVT14_FSDN4_V2_4'. (OPT-914)
Warning: No single bit degenerate for multibit library cell 'SAEDRVT14_FSDN4_V2_2'. (OPT-914)
Warning: No single bit degenerate for multibit library cell 'SAEDRVT14_FSDN4_V2_1'. (OPT-914)
Warning: No single bit degenerate for multibit library cell 'SAEDRVT14_FSDN4_V2_0P5'. (OPT-914)
Warning: No single bit degenerate for multibit library cell 'SAEDRVT14_FSDN2_V2_4'. (OPT-914)
Warning: No single bit degenerate for multibit library cell 'SAEDRVT14_FSDN2_V2_2'. (OPT-914)
Warning: No single bit degenerate for multibit library cell 'SAEDRVT14_FSDN2_V2_1'. (OPT-914)
Warning: No single bit degenerate for multibit library cell 'SAEDRVT14_FSDN2_V2_0P5'. (OPT-914)
Information: State dependent leakage is now switched from off to on.
Information: Propagating switching activity (low effort zero delay simulation). (PWR-6)
Warning: The derived toggle rate value (2.000000) for the clock net 'Clock' conflicts with the annotated value (0.000000). Using the annotated value. (PWR-12)
 
****************************************
Report : area
Design : simple_processor_Top_Top
Version: O-2018.06-SP4
Date   : Thu May  5 14:50:21 2022
****************************************

Information: Updating design information... (UID-85)
Library(s) Used:

    saed14hvt_tt0p8v125c (File: /home/synopsys/SAED14nm_EDK/stdcell_hvt/db_nldm/saed14hvt_tt0p8v125c.db)
    saed14lvt_tt0p8v125c (File: /home/synopsys/SAED14nm_EDK/stdcell_lvt/db_nldm/saed14lvt_tt0p8v125c.db)
    saed14rvt_tt0p8v125c (File: /home/synopsys/SAED14nm_EDK/stdcell_rvt/db_nldm/saed14rvt_tt0p8v125c.db)

Number of ports:                          862
Number of nets:                          1359
Number of cells:                          611
Number of combinational cells:            394
Number of sequential cells:               138
Number of macros/black boxes:               0
Number of buf/inv:                         40
Number of references:                       1

Combinational area:                143.678401
Buf/Inv area:                        7.548000
Noncombinational area:             115.928398
Macro/Black Box area:                0.000000
Net Interconnect area:             258.443912

Total cell area:                   259.606798
Total area:                        518.050710
 
****************************************
Report : power
        -analysis_effort low
Design : simple_processor_Top_Top
Version: O-2018.06-SP4
Date   : Thu May  5 14:50:21 2022
****************************************


Library(s) Used:

    saed14hvt_tt0p8v125c (File: /home/synopsys/SAED14nm_EDK/stdcell_hvt/db_nldm/saed14hvt_tt0p8v125c.db)
    saed14lvt_tt0p8v125c (File: /home/synopsys/SAED14nm_EDK/stdcell_lvt/db_nldm/saed14lvt_tt0p8v125c.db)
    saed14rvt_tt0p8v125c (File: /home/synopsys/SAED14nm_EDK/stdcell_rvt/db_nldm/saed14rvt_tt0p8v125c.db)


Operating Conditions: tt0p8v125c   Library: saed14hvt_tt0p8v125c
Wire Load Model Mode: segmented

Design        Wire Load Model            Library
------------------------------------------------
simple_processor_Top_Top
                       8000              saed14hvt_tt0p8v125c
simple_processor_Top   8000              saed14hvt_tt0p8v125c
controller_new         ForQA             saed14hvt_tt0p8v125c
datapath_register_array
                       8000              saed14hvt_tt0p8v125c
dec3to8_1              ForQA             saed14hvt_tt0p8v125c
dec3to8_3bit           ForQA             saed14hvt_tt0p8v125c
mux_10to1              ForQA             saed14hvt_tt0p8v125c
Add_Sub                ForQA             saed14hvt_tt0p8v125c
reg_G                  ForQA             saed14hvt_tt0p8v125c
Register_8             ForQA             saed14hvt_tt0p8v125c
csa_9bit               ForQA             saed14hvt_tt0p8v125c
full_adder_16          ForQA             saed14hvt_tt0p8v125c
carry_select_adder_4bit_slice_1
                       ForQA             saed14hvt_tt0p8v125c
carry_select_adder_4bit_slice_0
                       ForQA             saed14hvt_tt0p8v125c
half_adder_33          ForQA             saed14hvt_tt0p8v125c
ripple_carry_4_bit_3   ForQA             saed14hvt_tt0p8v125c
ripple_carry_4_bit_2   ForQA             saed14hvt_tt0p8v125c
mux2X1_2               ForQA             saed14hvt_tt0p8v125c
mux2X1_1_1             ForQA             saed14hvt_tt0p8v125c
ripple_carry_4_bit_1   ForQA             saed14hvt_tt0p8v125c
ripple_carry_4_bit_0   ForQA             saed14hvt_tt0p8v125c
full_adder_15          ForQA             saed14hvt_tt0p8v125c
full_adder_11          ForQA             saed14hvt_tt0p8v125c
full_adder_4           ForQA             saed14hvt_tt0p8v125c
half_adder_30          ForQA             saed14hvt_tt0p8v125c
half_adder_22          ForQA             saed14hvt_tt0p8v125c
half_adder_9           ForQA             saed14hvt_tt0p8v125c
Register_0             ForQA             saed14hvt_tt0p8v125c
Register_1             ForQA             saed14hvt_tt0p8v125c
Register_2             ForQA             saed14hvt_tt0p8v125c
Register_3             ForQA             saed14hvt_tt0p8v125c
Register_4             ForQA             saed14hvt_tt0p8v125c
Register_5             ForQA             saed14hvt_tt0p8v125c
Register_6             ForQA             saed14hvt_tt0p8v125c
Register_7             ForQA             saed14hvt_tt0p8v125c
dec3to8_0              ForQA             saed14hvt_tt0p8v125c
mux2X1_0               ForQA             saed14hvt_tt0p8v125c
full_adder_1           ForQA             saed14hvt_tt0p8v125c
full_adder_2           ForQA             saed14hvt_tt0p8v125c
full_adder_5           ForQA             saed14hvt_tt0p8v125c
full_adder_6           ForQA             saed14hvt_tt0p8v125c
full_adder_8           ForQA             saed14hvt_tt0p8v125c
full_adder_9           ForQA             saed14hvt_tt0p8v125c
full_adder_10          ForQA             saed14hvt_tt0p8v125c
full_adder_12          ForQA             saed14hvt_tt0p8v125c
full_adder_13          ForQA             saed14hvt_tt0p8v125c
full_adder_14          ForQA             saed14hvt_tt0p8v125c
full_adder_3           ForQA             saed14hvt_tt0p8v125c
full_adder_7           ForQA             saed14hvt_tt0p8v125c
full_adder_0           ForQA             saed14hvt_tt0p8v125c
half_adder_2           ForQA             saed14hvt_tt0p8v125c
half_adder_3           ForQA             saed14hvt_tt0p8v125c
half_adder_4           ForQA             saed14hvt_tt0p8v125c
half_adder_5           ForQA             saed14hvt_tt0p8v125c
half_adder_7           ForQA             saed14hvt_tt0p8v125c
half_adder_10          ForQA             saed14hvt_tt0p8v125c
half_adder_11          ForQA             saed14hvt_tt0p8v125c
half_adder_12          ForQA             saed14hvt_tt0p8v125c
half_adder_13          ForQA             saed14hvt_tt0p8v125c
half_adder_15          ForQA             saed14hvt_tt0p8v125c
half_adder_16          ForQA             saed14hvt_tt0p8v125c
half_adder_17          ForQA             saed14hvt_tt0p8v125c
half_adder_18          ForQA             saed14hvt_tt0p8v125c
half_adder_19          ForQA             saed14hvt_tt0p8v125c
half_adder_20          ForQA             saed14hvt_tt0p8v125c
half_adder_21          ForQA             saed14hvt_tt0p8v125c
half_adder_23          ForQA             saed14hvt_tt0p8v125c
half_adder_24          ForQA             saed14hvt_tt0p8v125c
half_adder_25          ForQA             saed14hvt_tt0p8v125c
half_adder_26          ForQA             saed14hvt_tt0p8v125c
half_adder_27          ForQA             saed14hvt_tt0p8v125c
half_adder_28          ForQA             saed14hvt_tt0p8v125c
half_adder_29          ForQA             saed14hvt_tt0p8v125c
half_adder_31          ForQA             saed14hvt_tt0p8v125c
half_adder_32          ForQA             saed14hvt_tt0p8v125c
half_adder_6           ForQA             saed14hvt_tt0p8v125c
half_adder_0           ForQA             saed14hvt_tt0p8v125c
half_adder_1           ForQA             saed14hvt_tt0p8v125c
half_adder_8           ForQA             saed14hvt_tt0p8v125c
half_adder_14          ForQA             saed14hvt_tt0p8v125c


Global Operating Voltage = 0.8  
Power-specific unit information :
    Voltage Units = 1V
    Capacitance Units = 1.000000ff
    Time Units = 1ns
    Dynamic Power Units = 1uW    (derived from V,C,T units)
    Leakage Power Units = 1pW


  Cell Internal Power  =  21.6031 nW   (52%)
  Net Switching Power  =  19.6066 nW   (48%)
                         ---------
Total Dynamic Power    =  41.2096 nW  (100%)

Cell Leakage Power     =   2.6010 uW


                 Internal         Switching           Leakage            Total
Power Group      Power            Power               Power              Power   (   %    )  Attrs
--------------------------------------------------------------------------------------------------
io_pad             0.0000            0.0000            0.0000            0.0000  (   0.00%)
memory             0.0000            0.0000            0.0000            0.0000  (   0.00%)
black_box          0.0000            0.0000            0.0000            0.0000  (   0.00%)
clock_network      0.0000            0.0000            0.0000            0.0000  (   0.00%)
register       1.2011e-02        8.0658e-04        9.0961e+05            0.9224  (  38.58%)
sequential     4.8747e-03        2.1163e-03        2.8033e+05            0.2873  (  12.02%)
combinational  4.7172e-03        1.6684e-02        1.1599e+06            1.1813  (  49.40%)
--------------------------------------------------------------------------------------------------
Total          2.1603e-02 uW     1.9607e-02 uW     2.3498e+06 pW         2.3910 uW
Warning: There are infeasible paths detected in your design that were ignored during optimization. Please run 'report_timing -attributes' and/or 'create_qor_snapshot/query_qor_snapshot -infeasible_paths' to identify these paths.  (OPT-1721)
 
****************************************
Report : timing
        -path full
        -delay max
        -max_paths 1
Design : simple_processor_Top_Top
Version: O-2018.06-SP4
Date   : Thu May  5 14:51:49 2022
****************************************

Operating Conditions: tt0p8v125c   Library: saed14hvt_tt0p8v125c
Wire Load Model Mode: segmented

  Startpoint: G8/G2_Datapath/A5/dout_reg[5]
              (rising edge-triggered flip-flop clocked by clock)
  Endpoint: G8/G2_Datapath/g2/Z_reg[8]
            (rising edge-triggered flip-flop clocked by clock)
  Path Group: CLOCK
  Path Type: max

  Des/Clust/Port     Wire Load Model       Library
  ------------------------------------------------
  Register_7         ForQA                 saed14hvt_tt0p8v125c
  Register_6         ForQA                 saed14hvt_tt0p8v125c
  Register_5         ForQA                 saed14hvt_tt0p8v125c
  Register_4         ForQA                 saed14hvt_tt0p8v125c
  Register_3         ForQA                 saed14hvt_tt0p8v125c
  Register_2         ForQA                 saed14hvt_tt0p8v125c
  Register_1         ForQA                 saed14hvt_tt0p8v125c
  Register_0         ForQA                 saed14hvt_tt0p8v125c
  Register_8         ForQA                 saed14hvt_tt0p8v125c
  reg_G              ForQA                 saed14hvt_tt0p8v125c
  datapath_register_array
                     8000                  saed14hvt_tt0p8v125c
  controller_new     ForQA                 saed14hvt_tt0p8v125c
  simple_processor_Top_Top
                     8000                  saed14hvt_tt0p8v125c
  simple_processor_Top
                     8000                  saed14hvt_tt0p8v125c
  half_adder_15      ForQA                 saed14hvt_tt0p8v125c
  half_adder_7       ForQA                 saed14hvt_tt0p8v125c
  full_adder_7       ForQA                 saed14hvt_tt0p8v125c
  full_adder_3       ForQA                 saed14hvt_tt0p8v125c
  ripple_carry_4_bit_1
                     ForQA                 saed14hvt_tt0p8v125c
  ripple_carry_4_bit_0
                     ForQA                 saed14hvt_tt0p8v125c
  carry_select_adder_4bit_slice_0
                     ForQA                 saed14hvt_tt0p8v125c
  csa_9bit           ForQA                 saed14hvt_tt0p8v125c
  Add_Sub            ForQA                 saed14hvt_tt0p8v125c
  half_adder_6       ForQA                 saed14hvt_tt0p8v125c
  half_adder_4       ForQA                 saed14hvt_tt0p8v125c
  full_adder_2       ForQA                 saed14hvt_tt0p8v125c
  half_adder_2       ForQA                 saed14hvt_tt0p8v125c
  full_adder_1       ForQA                 saed14hvt_tt0p8v125c
  half_adder_0       ForQA                 saed14hvt_tt0p8v125c
  full_adder_0       ForQA                 saed14hvt_tt0p8v125c
  mux2X1_0           ForQA                 saed14hvt_tt0p8v125c

  Point                                                   Incr       Path
  --------------------------------------------------------------------------
  clock clock (rise edge)                                 0.00       0.00
  clock network delay (ideal)                             2.00       2.00
  G8/G2_Datapath/A5/dout_reg[5]/CK (SAEDHVT14_FDP_V2LP_0P5)
                                                          0.00       2.00 r
  G8/G2_Datapath/A5/dout_reg[5]/Q (SAEDHVT14_FDP_V2LP_0P5)
                                                          0.06       2.06 f
  G8/G2_Datapath/A5/dout[5] (Register_0)                  0.00       2.06 f
  G8/G2_Datapath/add_top/A[5] (Add_Sub)                   0.00       2.06 f
  G8/G2_Datapath/add_top/add1/a[5] (csa_9bit)             0.00       2.06 f
  G8/G2_Datapath/add_top/add1/csa_slice2/a[0] (carry_select_adder_4bit_slice_0)
                                                          0.00       2.06 f
  G8/G2_Datapath/add_top/add1/csa_slice2/rca2/a[0] (ripple_carry_4_bit_0)
                                                          0.00       2.06 f
  G8/G2_Datapath/add_top/add1/csa_slice2/rca2/fa0/a (full_adder_3)
                                                          0.00       2.06 f
  G8/G2_Datapath/add_top/add1/csa_slice2/rca2/fa0/h1/a (half_adder_7)
                                                          0.00       2.06 f
  G8/G2_Datapath/add_top/add1/csa_slice2/rca2/fa0/h1/U1/X (SAEDHVT14_AN2_MM_0P5)
                                                          0.08       2.14 f
  G8/G2_Datapath/add_top/add1/csa_slice2/rca2/fa0/h1/U2/X (SAEDHVT14_OA21B_1)
                                                          0.03       2.17 r
  G8/G2_Datapath/add_top/add1/csa_slice2/rca2/fa0/h1/sum (half_adder_7)
                                                          0.00       2.17 r
  G8/G2_Datapath/add_top/add1/csa_slice2/rca2/fa0/h2/a (half_adder_6)
                                                          0.00       2.17 r
  G8/G2_Datapath/add_top/add1/csa_slice2/rca2/fa0/h2/cout (half_adder_6)
                                                          0.00       2.17 r
  G8/G2_Datapath/add_top/add1/csa_slice2/rca2/fa0/U2/X (SAEDRVT14_OR2_0P5)
                                                          0.05       2.23 r
  G8/G2_Datapath/add_top/add1/csa_slice2/rca2/fa0/cout (full_adder_3)
                                                          0.00       2.23 r
  G8/G2_Datapath/add_top/add1/csa_slice2/rca2/fa1/cin (full_adder_2)
                                                          0.00       2.23 r
  G8/G2_Datapath/add_top/add1/csa_slice2/rca2/fa1/h2/b (half_adder_4)
                                                          0.00       2.23 r
  G8/G2_Datapath/add_top/add1/csa_slice2/rca2/fa1/h2/U1/X (SAEDHVT14_AN2_MM_0P5)
                                                          0.05       2.28 r
  G8/G2_Datapath/add_top/add1/csa_slice2/rca2/fa1/h2/cout (half_adder_4)
                                                          0.00       2.28 r
  G8/G2_Datapath/add_top/add1/csa_slice2/rca2/fa1/U1/X (SAEDRVT14_OR2_0P5)
                                                          0.03       2.31 r
  G8/G2_Datapath/add_top/add1/csa_slice2/rca2/fa1/cout (full_adder_2)
                                                          0.00       2.31 r
  G8/G2_Datapath/add_top/add1/csa_slice2/rca2/fa2/cin (full_adder_1)
                                                          0.00       2.31 r
  G8/G2_Datapath/add_top/add1/csa_slice2/rca2/fa2/h2/b (half_adder_2)
                                                          0.00       2.31 r
  G8/G2_Datapath/add_top/add1/csa_slice2/rca2/fa2/h2/U1/X (SAEDHVT14_AN2_MM_0P5)
                                                          0.05       2.36 r
  G8/G2_Datapath/add_top/add1/csa_slice2/rca2/fa2/h2/cout (half_adder_2)
                                                          0.00       2.36 r
  G8/G2_Datapath/add_top/add1/csa_slice2/rca2/fa2/U1/X (SAEDRVT14_OR2_0P5)
                                                          0.03       2.39 r
  G8/G2_Datapath/add_top/add1/csa_slice2/rca2/fa2/cout (full_adder_1)
                                                          0.00       2.39 r
  G8/G2_Datapath/add_top/add1/csa_slice2/rca2/fa3/cin (full_adder_0)
                                                          0.00       2.39 r
  G8/G2_Datapath/add_top/add1/csa_slice2/rca2/fa3/h2/b (half_adder_0)
                                                          0.00       2.39 r
  G8/G2_Datapath/add_top/add1/csa_slice2/rca2/fa3/h2/U1/X (SAEDHVT14_EO2_V1_0P75)
                                                          0.12       2.51 r
  G8/G2_Datapath/add_top/add1/csa_slice2/rca2/fa3/h2/sum (half_adder_0)
                                                          0.00       2.51 r
  G8/G2_Datapath/add_top/add1/csa_slice2/rca2/fa3/sum (full_adder_0)
                                                          0.00       2.51 r
  G8/G2_Datapath/add_top/add1/csa_slice2/rca2/sum[3] (ripple_carry_4_bit_0)
                                                          0.00       2.51 r
  G8/G2_Datapath/add_top/add1/csa_slice2/ms0/in1[3] (mux2X1_0)
                                                          0.00       2.51 r
  G8/G2_Datapath/add_top/add1/csa_slice2/ms0/U4/X (SAEDHVT14_MUX2_U_0P5)
                                                          0.13       2.64 r
  G8/G2_Datapath/add_top/add1/csa_slice2/ms0/out[3] (mux2X1_0)
                                                          0.00       2.64 r
  G8/G2_Datapath/add_top/add1/csa_slice2/sum[3] (carry_select_adder_4bit_slice_0)
                                                          0.00       2.64 r
  G8/G2_Datapath/add_top/add1/sum[8] (csa_9bit)           0.00       2.64 r
  G8/G2_Datapath/add_top/ALU_out[8] (Add_Sub)             0.00       2.64 r
  G8/G2_Datapath/g2/Sum[8] (reg_G)                        0.00       2.64 r
  G8/G2_Datapath/g2/U11/X (SAEDHVT14_OA221_U_0P5)         0.17       2.81 r
  G8/G2_Datapath/g2/Z_reg[8]/D (SAEDHVT14_FDP_V2LP_0P5)
                                                          0.01       2.82 r
  data arrival time                                                  2.82

  clock clock (rise edge)                                 1.00       1.00
  clock network delay (ideal)                             2.00       3.00
  clock uncertainty                                      -0.15       2.85
  G8/G2_Datapath/g2/Z_reg[8]/CK (SAEDHVT14_FDP_V2LP_0P5)
                                                          0.00       2.85 r
  library setup time                                      0.00       2.85
  data required time                                                 2.85
  --------------------------------------------------------------------------
  data required time                                                 2.85
  data arrival time                                                 -2.82
  --------------------------------------------------------------------------
  slack (MET)                                                        0.03


  Startpoint: Run (input port clocked by clock)
  Endpoint: G8/G1_Controller/PS_reg[0]
            (rising edge-triggered flip-flop clocked by clock)
  Path Group: INPUTS
  Path Type: max

  Des/Clust/Port     Wire Load Model       Library
  ------------------------------------------------
  controller_new     ForQA                 saed14hvt_tt0p8v125c
  simple_processor_Top_Top
                     8000                  saed14hvt_tt0p8v125c
  simple_processor_Top
                     8000                  saed14hvt_tt0p8v125c

  Point                                                   Incr       Path
  --------------------------------------------------------------------------
  clock clock (rise edge)                                 0.00       0.00
  clock network delay (ideal)                             2.00       2.00
  input external delay                                    1.00       3.00 f
  Run (in)                                                0.00       3.00 f
  G8/Run (simple_processor_Top)                           0.00       3.00 f
  G8/G1_Controller/Run (controller_new)                   0.00       3.00 f
  G8/G1_Controller/U51/X (SAEDHVT14_ND2_CDC_0P5)          0.04       3.04 r
  G8/G1_Controller/U58/X (SAEDHVT14_INV_0P5)              0.04       3.08 f
  G8/G1_Controller/U60/X (SAEDHVT14_NR2_MM_0P5)           0.03       3.12 r
  G8/G1_Controller/U62/X (SAEDHVT14_OR4_1)                0.03       3.14 r
  G8/G1_Controller/PS_reg[0]/D (SAEDHVT14_FDP_V2LP_0P5)
                                                          0.01       3.15 r
  data arrival time                                                  3.15

  clock clock (rise edge)                                 1.00       1.00
  clock network delay (ideal)                             2.00       3.00
  clock uncertainty                                      -0.15       2.85
  G8/G1_Controller/PS_reg[0]/CK (SAEDHVT14_FDP_V2LP_0P5)
                                                          0.00       2.85 r
  library setup time                                      0.00       2.85
  data required time                                                 2.85
  --------------------------------------------------------------------------
  data required time                                                 2.85
  data arrival time                                                 -3.15
  --------------------------------------------------------------------------
  slack (VIOLATED)                                                  -0.30


Warning: There are infeasible paths detected in your design that were ignored during optimization. Please run 'report_timing -attributes' and/or 'create_qor_snapshot/query_qor_snapshot -infeasible_paths' to identify these paths.  (OPT-1721)
 
****************************************
Report : constraint
        -verbose
Design : simple_processor_Top_Top
Version: O-2018.06-SP4
Date   : Thu May  5 14:51:56 2022
****************************************


  Startpoint: G8/G2_Datapath/A5/dout_reg[5]
              (rising edge-triggered flip-flop clocked by clock)
  Endpoint: G8/G2_Datapath/g2/Z_reg[8]
            (rising edge-triggered flip-flop clocked by clock)
  Path Group: CLOCK
  Path Type: max

  Des/Clust/Port     Wire Load Model       Library
  ------------------------------------------------
  Register_7         ForQA                 saed14hvt_tt0p8v125c
  Register_6         ForQA                 saed14hvt_tt0p8v125c
  Register_5         ForQA                 saed14hvt_tt0p8v125c
  Register_4         ForQA                 saed14hvt_tt0p8v125c
  Register_3         ForQA                 saed14hvt_tt0p8v125c
  Register_2         ForQA                 saed14hvt_tt0p8v125c
  Register_1         ForQA                 saed14hvt_tt0p8v125c
  Register_0         ForQA                 saed14hvt_tt0p8v125c
  Register_8         ForQA                 saed14hvt_tt0p8v125c
  reg_G              ForQA                 saed14hvt_tt0p8v125c
  datapath_register_array
                     8000                  saed14hvt_tt0p8v125c
  controller_new     ForQA                 saed14hvt_tt0p8v125c
  simple_processor_Top_Top
                     8000                  saed14hvt_tt0p8v125c
  simple_processor_Top
                     8000                  saed14hvt_tt0p8v125c
  half_adder_15      ForQA                 saed14hvt_tt0p8v125c
  half_adder_7       ForQA                 saed14hvt_tt0p8v125c
  full_adder_7       ForQA                 saed14hvt_tt0p8v125c
  full_adder_3       ForQA                 saed14hvt_tt0p8v125c
  ripple_carry_4_bit_1
                     ForQA                 saed14hvt_tt0p8v125c
  ripple_carry_4_bit_0
                     ForQA                 saed14hvt_tt0p8v125c
  carry_select_adder_4bit_slice_0
                     ForQA                 saed14hvt_tt0p8v125c
  csa_9bit           ForQA                 saed14hvt_tt0p8v125c
  Add_Sub            ForQA                 saed14hvt_tt0p8v125c
  half_adder_6       ForQA                 saed14hvt_tt0p8v125c
  half_adder_4       ForQA                 saed14hvt_tt0p8v125c
  full_adder_2       ForQA                 saed14hvt_tt0p8v125c
  half_adder_2       ForQA                 saed14hvt_tt0p8v125c
  full_adder_1       ForQA                 saed14hvt_tt0p8v125c
  half_adder_0       ForQA                 saed14hvt_tt0p8v125c
  full_adder_0       ForQA                 saed14hvt_tt0p8v125c
  mux2X1_0           ForQA                 saed14hvt_tt0p8v125c

  Point                                                   Incr       Path
  --------------------------------------------------------------------------
  clock clock (rise edge)                                 0.00       0.00
  clock network delay (ideal)                             2.00       2.00
  G8/G2_Datapath/A5/dout_reg[5]/CK (SAEDHVT14_FDP_V2LP_0P5)
                                                          0.00       2.00 r
  G8/G2_Datapath/A5/dout_reg[5]/Q (SAEDHVT14_FDP_V2LP_0P5)
                                                          0.06       2.06 f
  G8/G2_Datapath/add_top/add1/csa_slice2/rca2/fa0/h1/U1/X (SAEDHVT14_AN2_MM_0P5)
                                                          0.08       2.14 f
  G8/G2_Datapath/add_top/add1/csa_slice2/rca2/fa0/h1/U2/X (SAEDHVT14_OA21B_1)
                                                          0.03       2.17 r
  G8/G2_Datapath/add_top/add1/csa_slice2/rca2/fa0/U2/X (SAEDRVT14_OR2_0P5)
                                                          0.05       2.23 r
  G8/G2_Datapath/add_top/add1/csa_slice2/rca2/fa1/h2/U1/X (SAEDHVT14_AN2_MM_0P5)
                                                          0.05       2.28 r
  G8/G2_Datapath/add_top/add1/csa_slice2/rca2/fa1/U1/X (SAEDRVT14_OR2_0P5)
                                                          0.03       2.31 r
  G8/G2_Datapath/add_top/add1/csa_slice2/rca2/fa2/h2/U1/X (SAEDHVT14_AN2_MM_0P5)
                                                          0.05       2.36 r
  G8/G2_Datapath/add_top/add1/csa_slice2/rca2/fa2/U1/X (SAEDRVT14_OR2_0P5)
                                                          0.03       2.39 r
  G8/G2_Datapath/add_top/add1/csa_slice2/rca2/fa3/h2/U1/X (SAEDHVT14_EO2_V1_0P75)
                                                          0.12       2.51 r
  G8/G2_Datapath/add_top/add1/csa_slice2/ms0/U4/X (SAEDHVT14_MUX2_U_0P5)
                                                          0.13       2.64 r
  G8/G2_Datapath/g2/U11/X (SAEDHVT14_OA221_U_0P5)         0.17       2.81 r
  G8/G2_Datapath/g2/Z_reg[8]/D (SAEDHVT14_FDP_V2LP_0P5)
                                                          0.01       2.82 r
  data arrival time                                                  2.82

  clock clock (rise edge)                                 1.00       1.00
  clock network delay (ideal)                             2.00       3.00
  clock uncertainty                                      -0.15       2.85
  G8/G2_Datapath/g2/Z_reg[8]/CK (SAEDHVT14_FDP_V2LP_0P5)
                                                          0.00       2.85 r
  library setup time                                      0.00       2.85
  data required time                                                 2.85
  --------------------------------------------------------------------------
  data required time                                                 2.85
  data arrival time                                                 -2.82
  --------------------------------------------------------------------------
  slack (MET)                                                        0.03


  Startpoint: Run (input port clocked by clock)
  Endpoint: G8/G1_Controller/PS_reg[0]
            (rising edge-triggered flip-flop clocked by clock)
  Path Group: INPUTS
  Path Type: max

  Des/Clust/Port     Wire Load Model       Library
  ------------------------------------------------
  controller_new     ForQA                 saed14hvt_tt0p8v125c
  simple_processor_Top_Top
                     8000                  saed14hvt_tt0p8v125c
  simple_processor_Top
                     8000                  saed14hvt_tt0p8v125c

  Point                                                   Incr       Path
  --------------------------------------------------------------------------
  clock clock (rise edge)                                 0.00       0.00
  clock network delay (ideal)                             2.00       2.00
  input external delay                                    1.00       3.00 f
  Run (in)                                                0.00       3.00 f
  G8/G1_Controller/U51/X (SAEDHVT14_ND2_CDC_0P5)          0.04       3.04 r
  G8/G1_Controller/U58/X (SAEDHVT14_INV_0P5)              0.04       3.08 f
  G8/G1_Controller/U60/X (SAEDHVT14_NR2_MM_0P5)           0.03       3.12 r
  G8/G1_Controller/U62/X (SAEDHVT14_OR4_1)                0.03       3.14 r
  G8/G1_Controller/PS_reg[0]/D (SAEDHVT14_FDP_V2LP_0P5)
                                                          0.01       3.15 r
  data arrival time                                                  3.15

  clock clock (rise edge)                                 1.00       1.00
  clock network delay (ideal)                             2.00       3.00
  clock uncertainty                                      -0.15       2.85
  G8/G1_Controller/PS_reg[0]/CK (SAEDHVT14_FDP_V2LP_0P5)
                                                          0.00       2.85 r
  library setup time                                      0.00       2.85
  data required time                                                 2.85
  --------------------------------------------------------------------------
  data required time                                                 2.85
  data arrival time                                                 -3.15
  --------------------------------------------------------------------------
  slack (VIOLATED)                                                  -0.30


  Startpoint: G8/G1_Controller/opcode_reg[0]
              (rising edge-triggered flip-flop clocked by clock)
  Endpoint: G8/G1_Controller/opcode_reg[0]
            (rising edge-triggered flip-flop clocked by clock)
  Path Group: CLOCK
  Path Type: min

  Des/Clust/Port     Wire Load Model       Library
  ------------------------------------------------
  Register_7         ForQA                 saed14hvt_tt0p8v125c
  Register_6         ForQA                 saed14hvt_tt0p8v125c
  Register_5         ForQA                 saed14hvt_tt0p8v125c
  Register_4         ForQA                 saed14hvt_tt0p8v125c
  Register_3         ForQA                 saed14hvt_tt0p8v125c
  Register_2         ForQA                 saed14hvt_tt0p8v125c
  Register_1         ForQA                 saed14hvt_tt0p8v125c
  Register_0         ForQA                 saed14hvt_tt0p8v125c
  Register_8         ForQA                 saed14hvt_tt0p8v125c
  reg_G              ForQA                 saed14hvt_tt0p8v125c
  datapath_register_array
                     8000                  saed14hvt_tt0p8v125c
  controller_new     ForQA                 saed14hvt_tt0p8v125c
  simple_processor_Top_Top
                     8000                  saed14hvt_tt0p8v125c
  simple_processor_Top
                     8000                  saed14hvt_tt0p8v125c

  Point                                                   Incr       Path
  --------------------------------------------------------------------------
  clock clock (rise edge)                                 0.00       0.00
  clock network delay (ideal)                             2.00       2.00
  G8/G1_Controller/opcode_reg[0]/CK (SAEDHVT14_FDP_V2LP_0P5)
                                                          0.00       2.00 r
  G8/G1_Controller/opcode_reg[0]/Q (SAEDHVT14_FDP_V2LP_0P5)
                                                          0.05       2.05 f
  G8/G1_Controller/U48/X (SAEDHVT14_MUX2_U_0P5)           0.03       2.08 f
  G8/G1_Controller/opcode_reg[0]/D (SAEDHVT14_FDP_V2LP_0P5)
                                                          0.01       2.09 f
  data arrival time                                                  2.09

  clock clock (rise edge)                                 0.00       0.00
  clock network delay (ideal)                             2.00       2.00
  clock uncertainty                                       0.15       2.15
  G8/G1_Controller/opcode_reg[0]/CK (SAEDHVT14_FDP_V2LP_0P5)
                                                          0.00       2.15 r
  library hold time                                       0.02       2.17
  data required time                                                 2.17
  --------------------------------------------------------------------------
  data required time                                                 2.17
  data arrival time                                                 -2.09
  --------------------------------------------------------------------------
  slack (VIOLATED)                                                  -0.08


  Startpoint: Resetn (input port clocked by clock)
  Endpoint: G8/G2_Datapath/Reg7/dout_reg[0]
            (rising edge-triggered flip-flop clocked by clock)
  Path Group: INPUTS
  Path Type: min

  Des/Clust/Port     Wire Load Model       Library
  ------------------------------------------------
  Register_1         ForQA                 saed14hvt_tt0p8v125c
  Register_0         ForQA                 saed14hvt_tt0p8v125c
  datapath_register_array
                     8000                  saed14hvt_tt0p8v125c
  controller_new     ForQA                 saed14hvt_tt0p8v125c
  simple_processor_Top_Top
                     8000                  saed14hvt_tt0p8v125c
  simple_processor_Top
                     8000                  saed14hvt_tt0p8v125c

  Point                                                   Incr       Path
  --------------------------------------------------------------------------
  clock clock (rise edge)                                 0.00       0.00
  clock network delay (ideal)                             2.00       2.00
  input external delay                                    0.50       2.50 f
  Resetn (in)                                             0.00       2.50 f
  G8/G2_Datapath/Reg7/U9/X (SAEDHVT14_AO32_U_0P5)         0.03       2.53 f
  G8/G2_Datapath/Reg7/dout_reg[0]/D (SAEDHVT14_FDP_V2LP_0P5)
                                                          0.01       2.54 f
  data arrival time                                                  2.54

  clock clock (rise edge)                                 0.00       0.00
  clock network delay (ideal)                             2.00       2.00
  clock uncertainty                                       0.15       2.15
  G8/G2_Datapath/Reg7/dout_reg[0]/CK (SAEDHVT14_FDP_V2LP_0P5)
                                                          0.00       2.15 r
  library hold time                                       0.02       2.17
  data required time                                                 2.17
  --------------------------------------------------------------------------
  data required time                                                 2.17
  data arrival time                                                 -2.54
  --------------------------------------------------------------------------
  slack (MET)                                                        0.37


    Net: Bus[0]

    max_transition         0.50
  - Transition Time        0.11
  ------------------------------
    Slack                  0.39  (MET)


    Net: G8/G2_Datapath/n1

    max_fanout            20.00
  - Fanout                18.00
  ------------------------------
    Slack                  2.00  (MET)


    Net: Bus[0]

    max_capacitance       19.27
  - Capacitance           16.21
  ------------------------------
    Slack                  3.06  (MET)


    Net: G8/G1_Controller/n4

    Capacitance            0.46
  - min_capacitance        0.15
  ------------------------------
    Slack                  0.31  (MET)


Min pulse width constraints

                       Required      Actual
  Pin                pulse width   pulse width   Slack           Scenario
--------------------------------------------------------------------------------
  G8/G1_Controller/PS_reg[0]/CK(low)
                      0.03          0.35          0.32 (MET)

Warning: There are infeasible paths detected in your design that were ignored during optimization. Please run 'report_timing -attributes' and/or 'create_qor_snapshot/query_qor_snapshot -infeasible_paths' to identify these paths.  (OPT-1721)
 
****************************************
Report : qor
Design : simple_processor_Top_Top
Version: O-2018.06-SP4
Date   : Thu May  5 14:52:06 2022
****************************************


  Timing Path Group 'CLOCK'
  -----------------------------------
  Levels of Logic:              10.00
  Critical Path Length:          0.82
  Critical Path Slack:           0.03
  Critical Path Clk Period:      1.00
  Total Negative Slack:          0.00
  No. of Violating Paths:        0.00
  Worst Hold Violation:         -0.08
  Total Hold Violation:         -6.11
  No. of Hold Violations:       96.00
  -----------------------------------

  Timing Path Group 'INPUTS'
  -----------------------------------
  Levels of Logic:               4.00
  Critical Path Length:          0.15
  Critical Path Slack:          -0.30
  Critical Path Clk Period:      1.00
  Total Negative Slack:        -25.92
  No. of Violating Paths:       94.00
  Worst Hold Violation:          0.00
  Total Hold Violation:          0.00
  No. of Hold Violations:        0.00
  -----------------------------------


  Cell Count
  -----------------------------------
  Hierarchical Cell Count:         79
  Hierarchical Port Count:        840
  Leaf Cell Count:                532
  Buf/Inv Cell Count:              40
  Buf Cell Count:                   5
  Inv Cell Count:                  35
  CT Buf/Inv Cell Count:            0
  Combinational Cell Count:       394
  Sequential Cell Count:          138
  Macro Count:                      0
  -----------------------------------


  Area
  -----------------------------------
  Combinational Area:      143.678401
  Noncombinational Area:   115.928398
  Buf/Inv Area:              7.548000
  Total Buffer Area:             1.33
  Total Inverter Area:           6.22
  Macro/Black Box Area:      0.000000
  Net Area:                258.443912
  -----------------------------------
  Cell Area:               259.606798
  Design Area:             518.050710


  Design Rules
  -----------------------------------
  Total Number of Nets:           547
  Nets With Violations:             0
  Max Trans Violations:             0
  Max Cap Violations:               0
  -----------------------------------


  Hostname: synopsysserver

  Compile CPU Statistics
  -----------------------------------------
  Resource Sharing:                    0.18
  Logic Optimization:                  7.25
  Mapping Optimization:               45.29
  -----------------------------------------
  Overall Compile Time:              201.85
  Overall Compile Wall Clock Time:   203.52

  --------------------------------------------------------------------

  Design  WNS: 0.30  TNS: 25.92  Number of Violating Paths: 94


  Design (Hold)  WNS: 0.08  TNS: 6.11  Number of Violating Paths: 96

  --------------------------------------------------------------------


 
****************************************
Report : clock_gating
Design : simple_processor_Top_Top
Version: O-2018.06-SP4
Date   : Thu May  5 14:52:07 2022
****************************************



                             Clock Gating Summary
          ------------------------------------------------------------
          |    Number of Clock gating elements    |        0         |
          |                                       |                  |
          |    Number of Gated registers          |     0 (0.00%)    |
          |                                       |                  |
          |    Number of Ungated registers        |    97 (100.00%)  |
          |                                       |                  |
          |    Total number of registers          |       97         |
          ------------------------------------------------------------



Warning: In the design dec3to8_3bit, net 'W[2]' is connecting multiple ports. (UCN-1)
Warning: In the design dec3to8_3bit, net 'W[1]' is connecting multiple ports. (UCN-1)
Warning: In the design dec3to8_3bit, net 'W[0]' is connecting multiple ports. (UCN-1)
Warning: The specified replacement character (_) is conflicting with the specified allowed or restricted character.   (UCN-4)
Warning: In the design half_adder_30, net 'a' is connecting multiple ports. (UCN-1)
Warning: In the design half_adder_22, net 'a' is connecting multiple ports. (UCN-1)
Warning: In the design half_adder_6, net 'a' is connecting multiple ports. (UCN-1)
Warning: In the design half_adder_14, net 'a' is connecting multiple ports. (UCN-1)
Writing verilog file '/home/userdata/21mvd0086/Simple_Processor_Working/Logic_Synthesis_Work_Simulate/Logic_Optimization/Logic_Optimization/SP_opti/Simple_Processor_netlist.v'.
Warning: Verilog 'assign' or 'tran' statements are written out. (VO-4)
dc_shell> 
dc_shell> 
dc_shell> 
dc_shell> 
dc_shell> 
dc_shell> 
dc_shell> 
dc_shell> 
dc_shell> 
dc_shell> 
dc_shell> 
dc_shell> 
dc_shell> 
dc_shell> 
dc_shell> 
dc_shell> report_timing
Warning: There are infeasible paths detected in your design that were ignored during optimization. Please run 'report_timing -attributes' and/or 'create_qor_snapshot/query_qor_snapshot -infeasible_paths' to identify these paths.  (OPT-1721)
 
****************************************
Report : timing
        -path full
        -delay max
        -max_paths 1
Design : simple_processor_Top_Top
Version: O-2018.06-SP4
Date   : Thu May  5 14:52:15 2022
****************************************

Operating Conditions: tt0p8v125c   Library: saed14hvt_tt0p8v125c
Wire Load Model Mode: segmented

  Startpoint: G8/G2_Datapath/A5/dout_reg_5_
              (rising edge-triggered flip-flop clocked by clock)
  Endpoint: G8/G2_Datapath/g2/Z_reg_8_
            (rising edge-triggered flip-flop clocked by clock)
  Path Group: CLOCK
  Path Type: max

  Des/Clust/Port     Wire Load Model       Library
  ------------------------------------------------
  Register_7         ForQA                 saed14hvt_tt0p8v125c
  Register_6         ForQA                 saed14hvt_tt0p8v125c
  Register_5         ForQA                 saed14hvt_tt0p8v125c
  Register_4         ForQA                 saed14hvt_tt0p8v125c
  Register_3         ForQA                 saed14hvt_tt0p8v125c
  Register_2         ForQA                 saed14hvt_tt0p8v125c
  Register_1         ForQA                 saed14hvt_tt0p8v125c
  Register_0         ForQA                 saed14hvt_tt0p8v125c
  Register_8         ForQA                 saed14hvt_tt0p8v125c
  reg_G              ForQA                 saed14hvt_tt0p8v125c
  datapath_register_array
                     8000                  saed14hvt_tt0p8v125c
  controller_new     ForQA                 saed14hvt_tt0p8v125c
  simple_processor_Top_Top
                     8000                  saed14hvt_tt0p8v125c
  simple_processor_Top
                     8000                  saed14hvt_tt0p8v125c
  half_adder_15      ForQA                 saed14hvt_tt0p8v125c
  half_adder_7       ForQA                 saed14hvt_tt0p8v125c
  full_adder_7       ForQA                 saed14hvt_tt0p8v125c
  full_adder_3       ForQA                 saed14hvt_tt0p8v125c
  ripple_carry_4_bit_1
                     ForQA                 saed14hvt_tt0p8v125c
  ripple_carry_4_bit_0
                     ForQA                 saed14hvt_tt0p8v125c
  carry_select_adder_4bit_slice_0
                     ForQA                 saed14hvt_tt0p8v125c
  csa_9bit           ForQA                 saed14hvt_tt0p8v125c
  Add_Sub            ForQA                 saed14hvt_tt0p8v125c
  half_adder_6       ForQA                 saed14hvt_tt0p8v125c
  half_adder_4       ForQA                 saed14hvt_tt0p8v125c
  full_adder_2       ForQA                 saed14hvt_tt0p8v125c
  half_adder_2       ForQA                 saed14hvt_tt0p8v125c
  full_adder_1       ForQA                 saed14hvt_tt0p8v125c
  half_adder_0       ForQA                 saed14hvt_tt0p8v125c
  full_adder_0       ForQA                 saed14hvt_tt0p8v125c
  mux2X1_0           ForQA                 saed14hvt_tt0p8v125c

  Point                                                   Incr       Path
  --------------------------------------------------------------------------
  clock clock (rise edge)                                 0.00       0.00
  clock network delay (ideal)                             2.00       2.00
  G8/G2_Datapath/A5/dout_reg_5_/CK (SAEDHVT14_FDP_V2LP_0P5)
                                                          0.00       2.00 r
  G8/G2_Datapath/A5/dout_reg_5_/Q (SAEDHVT14_FDP_V2LP_0P5)
                                                          0.06       2.06 f
  G8/G2_Datapath/A5/dout[5] (Register_0)                  0.00       2.06 f
  G8/G2_Datapath/add_top/A[5] (Add_Sub)                   0.00       2.06 f
  G8/G2_Datapath/add_top/add1/a[5] (csa_9bit)             0.00       2.06 f
  G8/G2_Datapath/add_top/add1/csa_slice2/a[0] (carry_select_adder_4bit_slice_0)
                                                          0.00       2.06 f
  G8/G2_Datapath/add_top/add1/csa_slice2/rca2/a[0] (ripple_carry_4_bit_0)
                                                          0.00       2.06 f
  G8/G2_Datapath/add_top/add1/csa_slice2/rca2/fa0/a (full_adder_3)
                                                          0.00       2.06 f
  G8/G2_Datapath/add_top/add1/csa_slice2/rca2/fa0/h1/a (half_adder_7)
                                                          0.00       2.06 f
  G8/G2_Datapath/add_top/add1/csa_slice2/rca2/fa0/h1/U1/X (SAEDHVT14_AN2_MM_0P5)
                                                          0.08       2.14 f
  G8/G2_Datapath/add_top/add1/csa_slice2/rca2/fa0/h1/U2/X (SAEDHVT14_OA21B_1)
                                                          0.03       2.17 r
  G8/G2_Datapath/add_top/add1/csa_slice2/rca2/fa0/h1/sum (half_adder_7)
                                                          0.00       2.17 r
  G8/G2_Datapath/add_top/add1/csa_slice2/rca2/fa0/h2/a (half_adder_6)
                                                          0.00       2.17 r
  G8/G2_Datapath/add_top/add1/csa_slice2/rca2/fa0/h2/cout (half_adder_6)
                                                          0.00       2.17 r
  G8/G2_Datapath/add_top/add1/csa_slice2/rca2/fa0/U2/X (SAEDRVT14_OR2_0P5)
                                                          0.05       2.23 r
  G8/G2_Datapath/add_top/add1/csa_slice2/rca2/fa0/cout (full_adder_3)
                                                          0.00       2.23 r
  G8/G2_Datapath/add_top/add1/csa_slice2/rca2/fa1/cin (full_adder_2)
                                                          0.00       2.23 r
  G8/G2_Datapath/add_top/add1/csa_slice2/rca2/fa1/h2/b (half_adder_4)
                                                          0.00       2.23 r
  G8/G2_Datapath/add_top/add1/csa_slice2/rca2/fa1/h2/U1/X (SAEDHVT14_AN2_MM_0P5)
                                                          0.05       2.28 r
  G8/G2_Datapath/add_top/add1/csa_slice2/rca2/fa1/h2/cout (half_adder_4)
                                                          0.00       2.28 r
  G8/G2_Datapath/add_top/add1/csa_slice2/rca2/fa1/U1/X (SAEDRVT14_OR2_0P5)
                                                          0.03       2.31 r
  G8/G2_Datapath/add_top/add1/csa_slice2/rca2/fa1/cout (full_adder_2)
                                                          0.00       2.31 r
  G8/G2_Datapath/add_top/add1/csa_slice2/rca2/fa2/cin (full_adder_1)
                                                          0.00       2.31 r
  G8/G2_Datapath/add_top/add1/csa_slice2/rca2/fa2/h2/b (half_adder_2)
                                                          0.00       2.31 r
  G8/G2_Datapath/add_top/add1/csa_slice2/rca2/fa2/h2/U1/X (SAEDHVT14_AN2_MM_0P5)
                                                          0.05       2.36 r
  G8/G2_Datapath/add_top/add1/csa_slice2/rca2/fa2/h2/cout (half_adder_2)
                                                          0.00       2.36 r
  G8/G2_Datapath/add_top/add1/csa_slice2/rca2/fa2/U1/X (SAEDRVT14_OR2_0P5)
                                                          0.03       2.39 r
  G8/G2_Datapath/add_top/add1/csa_slice2/rca2/fa2/cout (full_adder_1)
                                                          0.00       2.39 r
  G8/G2_Datapath/add_top/add1/csa_slice2/rca2/fa3/cin (full_adder_0)
                                                          0.00       2.39 r
  G8/G2_Datapath/add_top/add1/csa_slice2/rca2/fa3/h2/b (half_adder_0)
                                                          0.00       2.39 r
  G8/G2_Datapath/add_top/add1/csa_slice2/rca2/fa3/h2/U1/X (SAEDHVT14_EO2_V1_0P75)
                                                          0.12       2.51 r
  G8/G2_Datapath/add_top/add1/csa_slice2/rca2/fa3/h2/sum (half_adder_0)
                                                          0.00       2.51 r
  G8/G2_Datapath/add_top/add1/csa_slice2/rca2/fa3/sum (full_adder_0)
                                                          0.00       2.51 r
  G8/G2_Datapath/add_top/add1/csa_slice2/rca2/sum[3] (ripple_carry_4_bit_0)
                                                          0.00       2.51 r
  G8/G2_Datapath/add_top/add1/csa_slice2/ms0/in1[3] (mux2X1_0)
                                                          0.00       2.51 r
  G8/G2_Datapath/add_top/add1/csa_slice2/ms0/U4/X (SAEDHVT14_MUX2_U_0P5)
                                                          0.13       2.64 r
  G8/G2_Datapath/add_top/add1/csa_slice2/ms0/out[3] (mux2X1_0)
                                                          0.00       2.64 r
  G8/G2_Datapath/add_top/add1/csa_slice2/sum[3] (carry_select_adder_4bit_slice_0)
                                                          0.00       2.64 r
  G8/G2_Datapath/add_top/add1/sum[8] (csa_9bit)           0.00       2.64 r
  G8/G2_Datapath/add_top/ALU_out[8] (Add_Sub)             0.00       2.64 r
  G8/G2_Datapath/g2/Sum[8] (reg_G)                        0.00       2.64 r
  G8/G2_Datapath/g2/U11/X (SAEDHVT14_OA221_U_0P5)         0.17       2.81 r
  G8/G2_Datapath/g2/Z_reg_8_/D (SAEDHVT14_FDP_V2LP_0P5)
                                                          0.01       2.82 r
  data arrival time                                                  2.82

  clock clock (rise edge)                                 1.00       1.00
  clock network delay (ideal)                             2.00       3.00
  clock uncertainty                                      -0.15       2.85
  G8/G2_Datapath/g2/Z_reg_8_/CK (SAEDHVT14_FDP_V2LP_0P5)
                                                          0.00       2.85 r
  library setup time                                      0.00       2.85
  data required time                                                 2.85
  --------------------------------------------------------------------------
  data required time                                                 2.85
  data arrival time                                                 -2.82
  --------------------------------------------------------------------------
  slack (MET)                                                        0.03


  Startpoint: Run (input port clocked by clock)
  Endpoint: G8/G1_Controller/PS_reg_0_
            (rising edge-triggered flip-flop clocked by clock)
  Path Group: INPUTS
  Path Type: max

  Des/Clust/Port     Wire Load Model       Library
  ------------------------------------------------
  controller_new     ForQA                 saed14hvt_tt0p8v125c
  simple_processor_Top_Top
                     8000                  saed14hvt_tt0p8v125c
  simple_processor_Top
                     8000                  saed14hvt_tt0p8v125c

  Point                                                   Incr       Path
  --------------------------------------------------------------------------
  clock clock (rise edge)                                 0.00       0.00
  clock network delay (ideal)                             2.00       2.00
  input external delay                                    1.00       3.00 f
  Run (in)                                                0.00       3.00 f
  G8/Run (simple_processor_Top)                           0.00       3.00 f
  G8/G1_Controller/Run (controller_new)                   0.00       3.00 f
  G8/G1_Controller/U51/X (SAEDHVT14_ND2_CDC_0P5)          0.04       3.04 r
  G8/G1_Controller/U58/X (SAEDHVT14_INV_0P5)              0.04       3.08 f
  G8/G1_Controller/U60/X (SAEDHVT14_NR2_MM_0P5)           0.03       3.12 r
  G8/G1_Controller/U62/X (SAEDHVT14_OR4_1)                0.03       3.14 r
  G8/G1_Controller/PS_reg_0_/D (SAEDHVT14_FDP_V2LP_0P5)
                                                          0.01       3.15 r
  data arrival time                                                  3.15

  clock clock (rise edge)                                 1.00       1.00
  clock network delay (ideal)                             2.00       3.00
  clock uncertainty                                      -0.15       2.85
  G8/G1_Controller/PS_reg_0_/CK (SAEDHVT14_FDP_V2LP_0P5)
                                                          0.00       2.85 r
  library setup time                                      0.00       2.85
  data required time                                                 2.85
  --------------------------------------------------------------------------
  data required time                                                 2.85
  data arrival time                                                 -3.15
  --------------------------------------------------------------------------
  slack (VIOLATED)                                                  -0.30


1
dc_shell> 
dc_shell> 
dc_shell> 
dc_shell> 
dc_shell> 
dc_shell> 
dc_shell> 
dc_shell> 
dc_shell> 
dc_shell> 
dc_shell> 
dc_shell> 
dc_shell> 
dc_shell> 
dc_shell> 
dc_shell> 
dc_shell> 
dc_shell> 
dc_shell> 
dc_shell> 
dc_shell> 
dc_shell> 
dc_shell> 
dc_shell> 
dc_shell> 
dc_shell> exit

Thank you...

